WARNING:tensorflow:From /Library/Frameworks/Python.framework/Versions/3.7/lib/python3.7/site-packages/keras/backend/tensorflow_backend.py:541: The name tf.placeholder is deprecated. Please use tf.compat.v1.placeholder instead.

WARNING:tensorflow:From /Library/Frameworks/Python.framework/Versions/3.7/lib/python3.7/site-packages/keras/backend/tensorflow_backend.py:4432: The name tf.random_uniform is deprecated. Please use tf.random.uniform instead.

WARNING:tensorflow:From /Library/Frameworks/Python.framework/Versions/3.7/lib/python3.7/site-packages/keras/backend/tensorflow_backend.py:66: The name tf.get_default_graph is deprecated. Please use tf.compat.v1.get_default_graph instead.

WARNING:tensorflow:From /Library/Frameworks/Python.framework/Versions/3.7/lib/python3.7/site-packages/keras/backend/tensorflow_backend.py:190: The name tf.get_default_session is deprecated. Please use tf.compat.v1.get_default_session instead.

WARNING:tensorflow:From /Library/Frameworks/Python.framework/Versions/3.7/lib/python3.7/site-packages/keras/backend/tensorflow_backend.py:197: The name tf.ConfigProto is deprecated. Please use tf.compat.v1.ConfigProto instead.

WARNING:tensorflow:From /Library/Frameworks/Python.framework/Versions/3.7/lib/python3.7/site-packages/keras/backend/tensorflow_backend.py:2041: The name tf.nn.fused_batch_norm is deprecated. Please use tf.compat.v1.nn.fused_batch_norm instead.

WARNING:tensorflow:From /Library/Frameworks/Python.framework/Versions/3.7/lib/python3.7/site-packages/keras/backend/tensorflow_backend.py:4267: The name tf.nn.max_pool is deprecated. Please use tf.nn.max_pool2d instead.

INFO:root:[0.0%][0.32782328 0.00051709 0.18932931 0.00886094 0.20186694 0.0053817
 0.26622072]
INFO:root:[0.0%][0.30797288 0.00049789 0.20710343 0.01790066 0.2015418  0.00833631
 0.25664702]
INFO:root:[0.0%][0.255828   0.00037344 0.20351061 0.03102547 0.21801509 0.01436164
 0.27688578]
INFO:root:[0.0%][0.3156343  0.00051149 0.20225567 0.03217901 0.22376421 0.01168387
 0.2139714 ]
INFO:root:[0.0%][2.8277695e-01 1.9660100e-04 1.7056738e-01 2.2904791e-02 2.8804117e-01
 1.2555638e-02 2.2295737e-01]
INFO:root:[0.0%][0.20446908 0.00038354 0.18920065 0.01882617 0.24568404 0.01795892
 0.3234777 ]
INFO:root:[0.0%][0.24831875 0.00043632 0.12926053 0.03177921 0.24634953 0.0124581
 0.3313976 ]
INFO:root:[0.0%][1.13196686e-01 2.04188000e-05 2.26010531e-01 1.42302141e-01
 2.20713690e-01 2.71684993e-02 2.70588011e-01]
INFO:root:[0.0%][0.43818617 0.00074178 0.083717   0.00526003 0.10195725 0.00311914
 0.3670186 ]
INFO:root:[0.0%][0.46907318 0.00568672 0.09890626 0.00413628 0.07241629 0.00367472
 0.34610656]
INFO:root:[0.01%][1.8725662e-01 1.3812901e-04 2.5409997e-01 3.3929802e-02 2.4250834e-01
 3.4471706e-02 2.4759547e-01]
INFO:root:[0.01%][0.3009771  0.00077239 0.15511808 0.0247512  0.23350109 0.01502349
 0.2698566 ]
INFO:root:[0.01%][0.28938314 0.00441406 0.1163109  0.01215309 0.22536622 0.00436619
 0.34800637]
INFO:root:[0.01%][0.5082423  0.00224229 0.12662809 0.00259746 0.1339557  0.00424023
 0.22209394]
INFO:root:[0.01%][0.47493997 0.00302183 0.170905   0.00127271 0.14579901 0.00232289
 0.20173858]
INFO:root:[0.01%][0.5830385  0.00536481 0.14831094 0.0019183  0.10071699 0.0036353
 0.1570151 ]
INFO:root:[0.01%][0.36216858 0.00255753 0.21539344 0.00105856 0.1579858  0.00499531
 0.2558408 ]
INFO:root:[0.01%][0.4047354  0.00353558 0.20476283 0.00169067 0.14148591 0.00460837
 0.23918125]
INFO:root:[0.01%][4.9210137e-01 3.2091562e-03 1.1572006e-01 3.9779890e-04 1.2155391e-01
 2.1024374e-03 2.6491526e-01]
INFO:root:[0.01%][0.36386287 0.00386716 0.17977814 0.00146424 0.22321483 0.004338
 0.22347473]
INFO:root:[0.01%][0.5099068  0.00489718 0.18764246 0.00085549 0.12371112 0.00360337
 0.16938356]
INFO:root:[0.01%][0.373558   0.00298597 0.15298949 0.00082819 0.20008442 0.00236314
 0.2671908 ]
INFO:root:[0.01%][0.6120125  0.00420082 0.09092767 0.00063226 0.11292826 0.00110784
 0.17819063]
INFO:root:[0.01%][0.48552874 0.00973343 0.10342838 0.00052487 0.1273715  0.00210281
 0.2713104 ]
INFO:root:[0.02%][0.41969606 0.00532621 0.17367424 0.00128007 0.1959592  0.00366538
 0.20039886]
INFO:root:[0.02%][0.3281906  0.0020114  0.17241774 0.00110634 0.18809976 0.00302511
 0.30514902]
INFO:root:[0.02%][0.3557243  0.0026149  0.17783011 0.00123939 0.20356555 0.00267276
 0.25635308]
INFO:root:[0.02%][0.3501245  0.00370269 0.19390842 0.00099155 0.18163107 0.00504605
 0.26459575]
INFO:root:[0.02%][4.5629054e-01 3.2671902e-03 1.1050612e-01 3.3126614e-04 1.4227247e-01
 2.1529582e-03 2.8517938e-01]
INFO:root:[0.02%][0.3720083  0.00404718 0.24891596 0.00081069 0.15597045 0.00614777
 0.2120996 ]
INFO:root:[0.02%][0.4475626  0.00488265 0.2136771  0.00049487 0.1254799  0.00580348
 0.20209937]
INFO:root:[0.02%][0.4478197  0.00413674 0.15405197 0.00052103 0.17260386 0.00301831
 0.2178484 ]
INFO:root:[0.02%][4.3079144e-01 2.2115104e-03 7.1411967e-02 2.9845143e-04 1.3324337e-01
 1.1294757e-03 3.6091375e-01]
INFO:root:[0.02%][0.33253747 0.0022422  0.2115252  0.00157204 0.2113612  0.00432556
 0.23643643]
INFO:root:[0.02%][4.8114714e-01 3.7024056e-03 1.2855178e-01 4.3764949e-04 1.1671727e-01
 1.8168704e-03 2.6762694e-01]
INFO:root:[0.02%][0.5353851  0.00657476 0.11061214 0.00096856 0.12436091 0.00321076
 0.21888778]
INFO:root:[0.02%][4.5031455e-01 1.9949845e-03 1.5305342e-01 2.9261294e-04 1.6692068e-01
 1.4735485e-03 2.2595026e-01]
INFO:root:[0.02%][0.35548714 0.00314796 0.11047683 0.00091743 0.166916   0.00227191
 0.3607828 ]
INFO:root:[0.04%][0.43829954 0.008974   0.12433067 0.0005215  0.17208156 0.00175755
 0.25403512]
INFO:root:[0.04%][0.35314104 0.00370444 0.13788728 0.00098237 0.15899314 0.00515564
 0.34013608]
INFO:root:[0.04%][5.9566212e-01 4.8234276e-03 6.1287515e-02 3.5036291e-04 1.2829337e-01
 1.0760140e-03 2.0850711e-01]
INFO:root:[0.04%][5.9456688e-01 5.0386926e-03 5.6451347e-02 1.7288045e-04 1.0767542e-01
 5.2086893e-04 2.3557387e-01]
INFO:root:[0.04%][0.4936396  0.0052828  0.10325386 0.00063396 0.12449523 0.00133521
 0.27135932]
INFO:root:[0.04%][0.44981667 0.00518459 0.11682712 0.00051299 0.12914975 0.00155386
 0.29695496]
INFO:root:[0.04%][4.9242797e-01 5.6230598e-03 1.4661200e-01 2.7492628e-04 1.3539006e-01
 1.5629333e-03 2.1810909e-01]
INFO:root:[0.04%][4.4702426e-01 4.5117158e-03 1.5172359e-01 3.9063112e-04 1.3188368e-01
 1.9931213e-03 2.6247299e-01]
INFO:root:[0.04%][4.4256201e-01 4.1712895e-03 1.8513514e-01 2.3765150e-04 1.4496186e-01
 2.4022355e-03 2.2052971e-01]
INFO:root:[0.04%][0.42741442 0.00691567 0.1422927  0.00043646 0.13843642 0.00151553
 0.2829888 ]
INFO:root:[0.04%][0.35921738 0.00758726 0.15026644 0.0006644  0.17351311 0.00230359
 0.30644786]
INFO:root:[0.04%][0.43633547 0.005928   0.12743655 0.00052165 0.15599526 0.00147175
 0.27231124]
INFO:root:[0.04%][0.41230726 0.01253139 0.15660605 0.00051963 0.17541845 0.00256209
 0.24005519]
INFO:root:[0.04%][0.39189208 0.00388627 0.13464545 0.00070934 0.13958395 0.00304819
 0.32623476]
INFO:root:[0.05%][4.7548133e-01 1.0438187e-02 1.3096392e-01 3.5339099e-04 1.5914276e-01
 3.0643088e-03 2.2055607e-01]
INFO:root:[0.05%][4.4086379e-01 4.4463519e-03 1.0772012e-01 3.7638244e-04 1.1973649e-01
 1.7312501e-03 3.2512552e-01]
INFO:root:[0.05%][0.39148057 0.00949719 0.16031665 0.00054114 0.19326486 0.00313163
 0.24176793]
INFO:root:[0.05%][0.31802943 0.00370473 0.11722571 0.00051966 0.15293972 0.00347302
 0.4041077 ]
INFO:root:[0.05%][0.31448033 0.0044907  0.12168904 0.00048795 0.14015439 0.00279022
 0.41590738]
INFO:root:[0.05%][0.36645538 0.00400746 0.14172499 0.00046383 0.15530914 0.00261186
 0.32942727]
INFO:root:[0.05%][3.97503614e-01 6.14650687e-03 1.14372395e-01 2.75924249e-04
 1.37722269e-01 2.26543960e-03 3.41713786e-01]
INFO:root:[0.05%][5.2102393e-01 7.5443196e-03 1.7396128e-01 2.5509667e-04 1.2490748e-01
 3.2548299e-03 1.6905306e-01]
INFO:root:[0.05%][4.9636418e-01 6.0415659e-03 1.6364506e-01 2.2217595e-04 1.2612879e-01
 4.8158150e-03 2.0278238e-01]
INFO:root:[0.05%][4.6253577e-01 4.8318575e-03 7.2321683e-02 2.7416216e-04 1.0403335e-01
 1.4897631e-03 3.5451347e-01]
INFO:root:[0.05%][4.43163902e-01 5.56966336e-03 1.12737216e-01 2.70193530e-04
 1.06497273e-01 3.17363185e-03 3.28588128e-01]
INFO:root:[0.05%][5.1653683e-01 6.7027970e-03 1.3817866e-01 3.2030500e-04 1.1450194e-01
 3.1787283e-03 2.2058067e-01]
INFO:root:[0.05%][3.8121074e-01 3.9021745e-03 1.1652184e-01 3.9221370e-04 9.2389889e-02
 3.2432347e-03 4.0233988e-01]
INFO:root:[0.05%][0.38855603 0.00446114 0.08858274 0.00044662 0.12705751 0.00291749
 0.3879785 ]
INFO:root:[0.06%][3.6831480e-01 2.6104790e-03 1.4532889e-01 3.3252800e-04 1.1553905e-01
 4.4883173e-03 3.6338603e-01]
INFO:root:[0.06%][4.5540744e-01 6.3716574e-03 1.1664541e-01 1.7199029e-04 1.1029361e-01
 2.5286265e-03 3.0858129e-01]
INFO:root:[0.06%][4.8849118e-01 6.0654255e-03 1.0277587e-01 1.4391124e-04 1.1198542e-01
 2.5288328e-03 2.8800941e-01]
INFO:root:[0.06%][4.09980267e-01 1.39686768e-03 1.76544264e-01 1.71874359e-04
 1.02856904e-01 3.78878764e-03 3.05261016e-01]
INFO:root:[0.06%][4.0788344e-01 3.4596897e-03 1.9499871e-01 3.0012388e-04 1.8438447e-01
 4.4390536e-03 2.0453452e-01]
INFO:root:[0.06%][0.43168756 0.00413285 0.16115668 0.00083594 0.14695315 0.00561457
 0.24961929]
INFO:root:[0.06%][5.19076765e-01 3.14404489e-03 2.09060594e-01 2.41230737e-04
 1.05410635e-01 7.71800661e-03 1.55348778e-01]
INFO:root:[0.06%][4.41051155e-01 3.89100239e-03 1.16678074e-01 1.87987171e-04
 1.02554359e-01 2.49376940e-03 3.33143622e-01]
INFO:root:[0.06%][0.42479637 0.0057964  0.18117483 0.00063379 0.15954572 0.00454459
 0.22350825]
INFO:root:[0.06%][2.53416240e-01 1.50579901e-03 1.23382196e-01 4.62603668e-04
 1.14207447e-01 5.01220487e-03 5.02013445e-01]
INFO:root:[0.06%][4.7411180e-01 5.8921333e-03 1.1514602e-01 2.5098372e-04 1.2598822e-01
 3.7972408e-03 2.7481350e-01]
INFO:root:[0.06%][5.2441323e-01 6.1426372e-03 1.1071705e-01 1.5493030e-04 9.6691400e-02
 2.1574935e-03 2.5972328e-01]
INFO:root:[0.06%][4.4924486e-01 6.3076480e-03 1.5321332e-01 2.7494333e-04 1.3507517e-01
 5.3811222e-03 2.5050294e-01]
INFO:root:[0.06%][4.8783621e-01 5.9532970e-03 1.3345189e-01 1.9719670e-04 1.2053080e-01
 4.1474164e-03 2.4788323e-01]
INFO:root:[0.06%][4.3969405e-01 7.4827219e-03 1.4264446e-01 2.3610458e-04 1.2431603e-01
 5.3135441e-03 2.8031310e-01]
INFO:root:[0.06%][5.0956720e-01 1.0790542e-02 1.3103540e-01 2.4542896e-04 1.2035949e-01
 3.7592552e-03 2.2424279e-01]
INFO:root:[0.08%][4.8468661e-01 9.8981392e-03 1.4186893e-01 2.0041609e-04 1.1619913e-01
 6.6614859e-03 2.4048525e-01]
INFO:root:[0.08%][5.14558554e-01 7.17605464e-03 1.38930425e-01 2.15780907e-04
 1.06000006e-01 5.79810422e-03 2.27320969e-01]
INFO:root:[0.08%][4.3943453e-01 6.6438806e-03 1.4416064e-01 2.0897854e-04 1.2252597e-01
 6.0397391e-03 2.8098628e-01]
INFO:root:[0.08%][5.0386453e-01 7.7210423e-03 1.4788163e-01 2.1491789e-04 1.1524422e-01
 4.5846156e-03 2.2048910e-01]
INFO:root:[0.08%][5.2386028e-01 7.1255723e-03 1.3215661e-01 2.3607467e-04 1.1110892e-01
 3.2939734e-03 2.2221856e-01]
INFO:root:[0.08%][3.55847031e-01 2.81314016e-03 1.34249538e-01 3.02014931e-04
 1.13155454e-01 4.30126069e-03 3.89331579e-01]
INFO:root:[0.08%][5.6272662e-01 1.0788155e-02 1.3002807e-01 2.4634009e-04 1.0379323e-01
 3.8227944e-03 1.8859473e-01]
INFO:root:[0.08%][4.2940882e-01 3.1666937e-03 1.4885162e-01 3.1720495e-04 8.9533702e-02
 5.9069619e-03 3.2281491e-01]
INFO:root:[0.08%][3.6600044e-01 3.0525993e-03 1.5497774e-01 2.2147071e-04 1.1253560e-01
 6.5313275e-03 3.5668078e-01]
INFO:root:[0.08%][6.15302622e-01 1.64982527e-02 1.17224626e-01 3.78882280e-04
 7.57168159e-02 5.00848005e-03 1.69870377e-01]
INFO:root:[0.08%][5.9880161e-01 1.4128848e-02 1.0854515e-01 1.6341849e-04 8.3563820e-02
 3.1798412e-03 1.9161743e-01]
INFO:root:[0.08%][5.722531e-01 6.393458e-03 1.210294e-01 1.928047e-04 9.002332e-02
 4.635794e-03 2.054721e-01]
INFO:root:[0.08%][4.5530993e-01 2.5038416e-03 2.2335753e-01 1.1578368e-04 1.1077421e-01
 1.0321292e-02 1.9761738e-01]
INFO:root:[0.08%][6.5256011e-01 1.2039225e-02 8.0676071e-02 1.4093779e-04 7.8101195e-02
 3.3348871e-03 1.7314754e-01]
INFO:root:[0.08%][5.3375089e-01 5.5719065e-03 1.2326669e-01 2.4711381e-04 6.6632539e-02
 8.2551446e-03 2.6227573e-01]
INFO:root:[0.09%][5.6753248e-01 1.4153798e-02 6.7665786e-02 1.4917621e-04 4.8548877e-02
 1.6137511e-03 3.0033612e-01]
INFO:root:[0.09%][6.0742772e-01 1.4249294e-02 6.5204643e-02 3.6903308e-04 4.4840239e-02
 2.3472197e-03 2.6556200e-01]
INFO:root:[0.09%][5.9989911e-01 4.0085716e-03 1.1509044e-01 8.7845801e-05 9.4186679e-02
 6.6224211e-03 1.8010494e-01]
INFO:root:[0.09%][6.6684496e-01 9.7450130e-03 1.1602572e-01 1.6267793e-04 7.1008600e-02
 3.1550981e-03 1.3305797e-01]
INFO:root:[0.09%][6.3249838e-01 4.3488890e-03 1.4578284e-01 7.7935110e-05 9.7129397e-02
 8.9950729e-03 1.1116731e-01]
INFO:root:[0.09%][6.03466809e-01 1.08428197e-02 1.19632095e-01 1.39409633e-04
 1.00586131e-01 4.38462384e-03 1.60948142e-01]
INFO:root:[0.09%][0.55649245 0.03414316 0.07813459 0.00056363 0.05243029 0.00227597
 0.27596003]
INFO:root:[0.09%][5.8505327e-01 7.9293698e-03 8.5814886e-02 9.9321886e-05 7.0715718e-02
 2.0373513e-03 2.4835002e-01]
INFO:root:[0.09%][5.8039230e-01 6.8191774e-03 8.4831484e-02 2.4521028e-04 5.7041712e-02
 2.9176539e-03 2.6775256e-01]
INFO:root:[0.09%][5.4153156e-01 5.9834761e-03 1.5528835e-01 8.9426700e-05 7.6986477e-02
 5.1784348e-03 2.1494231e-01]
INFO:root:[0.09%][4.3474478e-01 4.8291776e-03 9.6528649e-02 2.9227158e-04 7.3591679e-02
 6.8241414e-03 3.8318929e-01]
INFO:root:[0.09%][5.9692097e-01 1.7501492e-03 1.1787500e-01 1.5311794e-04 8.0308311e-02
 9.3763964e-03 1.9361603e-01]
INFO:root:[0.09%][6.0702431e-01 8.5693337e-03 7.6945014e-02 2.0129804e-04 6.3347436e-02
 3.3417791e-03 2.4057071e-01]
INFO:root:[0.09%][5.2177024e-01 8.7787807e-03 9.0048850e-02 1.8545434e-04 6.8621352e-02
 3.4561034e-03 3.0713913e-01]
INFO:root:[0.11%][5.2614439e-01 1.1968051e-02 8.1556223e-02 1.8343701e-04 6.1460175e-02
 2.8884960e-03 3.1579927e-01]
INFO:root:[0.11%][5.2562910e-01 4.1027530e-03 1.3622071e-01 1.4974449e-04 7.9054207e-02
 6.3546067e-03 2.4848883e-01]
INFO:root:[0.11%][6.60609186e-01 1.07901255e-02 4.92354967e-02 1.72184387e-04
 4.22080979e-02 1.62115728e-03 2.35363737e-01]
INFO:root:[0.11%][5.8303726e-01 6.3446243e-03 1.0749730e-01 1.9743315e-04 6.6427395e-02
 5.3582978e-03 2.3113762e-01]
INFO:root:[0.11%][4.3321347e-01 2.6978669e-03 2.4510328e-01 1.7889614e-04 6.8182938e-02
 1.2405329e-02 2.3821814e-01]
INFO:root:[0.11%][6.1279523e-01 2.7162465e-03 1.2456968e-01 9.9292178e-05 5.8378872e-02
 2.3785010e-03 1.9906221e-01]
INFO:root:[0.11%][5.7959253e-01 8.2985982e-03 9.8781459e-02 2.5585137e-04 6.2282953e-02
 2.5596402e-03 2.4822906e-01]
INFO:root:[0.11%][4.9724403e-01 7.5271018e-03 1.3176975e-01 1.7530493e-04 6.2790684e-02
 3.5185139e-03 2.9697460e-01]
INFO:root:[0.11%][3.7851474e-01 3.3204898e-03 4.4203870e-02 3.0356596e-04 6.7701019e-02
 1.5806010e-03 5.0437570e-01]
INFO:root:[0.11%][0.5344868  0.00570476 0.05173501 0.00073106 0.07548296 0.00372456
 0.3281349 ]
INFO:root:[0.11%][0.39934707 0.00407503 0.04843767 0.00052146 0.07968638 0.00336581
 0.46456656]
INFO:root:[0.11%][0.36152214 0.00337803 0.05420107 0.000684   0.09781937 0.00344686
 0.4789485 ]
INFO:root:[0.11%][5.44480741e-01 1.36086205e-02 5.05777001e-02 3.57723678e-04
 6.93789944e-02 1.30378036e-03 3.20292443e-01]
INFO:root:[0.11%][6.4775169e-01 5.7295305e-03 6.7721345e-02 4.6794428e-04 8.5843481e-02
 7.0743682e-04 1.9177854e-01]
INFO:root:[0.11%][6.5874499e-01 5.0070342e-03 6.6327013e-02 2.9322540e-04 1.0771704e-01
 9.4508869e-04 1.6096564e-01]
INFO:root:[0.11%][6.2061352e-01 3.7284230e-03 6.5976635e-02 2.4791475e-04 1.0448504e-01
 8.0025877e-04 2.0414808e-01]
INFO:root:[0.12%][8.0955929e-01 3.4025905e-03 3.3169553e-02 2.9930347e-04 6.9185518e-02
 5.0346868e-04 8.3880343e-02]
INFO:root:[0.12%][6.1581397e-01 5.6174332e-03 6.2410627e-02 4.7003338e-04 9.4425745e-02
 7.9732266e-04 2.2046484e-01]
INFO:root:[0.12%][0.5850975  0.00509845 0.05600513 0.00118109 0.13713631 0.00173658
 0.21374504]
INFO:root:[0.12%][7.2500318e-01 2.1773111e-03 3.7282042e-02 1.8889477e-03 8.4457859e-02
 6.1849022e-04 1.4857218e-01]
INFO:root:[0.12%][0.5020493  0.00223288 0.05983549 0.00120573 0.11275609 0.00185861
 0.32006183]
INFO:root:[0.12%][0.736505   0.00365713 0.03289922 0.00153557 0.10168808 0.00113599
 0.12257898]
INFO:root:[0.12%][0.51327133 0.00170247 0.04819613 0.00080952 0.1092276  0.00193009
 0.32486293]
INFO:root:[0.12%][0.7158626  0.00575476 0.03768119 0.00193116 0.09393719 0.00089636
 0.14393671]
INFO:root:[0.12%][0.7434432  0.00377022 0.03629351 0.00206194 0.09853503 0.00082094
 0.1150751 ]
INFO:root:[0.12%][7.6855814e-01 3.6854199e-03 3.0360313e-02 2.3685393e-03 8.2861617e-02
 6.4801745e-04 1.1151789e-01]
INFO:root:[0.12%][0.76973766 0.00231248 0.03282008 0.00210515 0.08357599 0.00087271
 0.1085759 ]
INFO:root:[0.12%][7.9254031e-01 3.7367307e-03 3.1703327e-02 1.5614619e-03 8.0636606e-02
 7.0832146e-04 8.9113347e-02]
INFO:root:[0.12%][8.4151536e-01 7.5078583e-03 3.1239599e-02 1.1360630e-03 5.7294410e-02
 3.4188421e-04 6.0964707e-02]
INFO:root:[0.12%][7.1315926e-01 4.0591327e-03 4.4869613e-02 6.8342919e-04 7.9483435e-02
 5.7427841e-04 1.5717083e-01]
INFO:root:[0.12%][7.0612156e-01 2.0462167e-03 5.2486233e-02 4.8270251e-04 9.5365576e-02
 6.5511256e-04 1.4284255e-01]
INFO:root:[0.12%][6.9865847e-01 2.4534317e-03 4.4630285e-02 1.3640742e-03 9.1832623e-02
 6.2081765e-04 1.6044031e-01]
INFO:root:[0.13%][0.7437235  0.00416935 0.04420807 0.00076335 0.06835227 0.00101188
 0.13777153]
INFO:root:[0.13%][7.4602526e-01 2.3104646e-03 3.5245333e-02 2.0793765e-03 9.6403062e-02
 6.6706259e-04 1.1726933e-01]
INFO:root:[0.13%][0.74539477 0.00145706 0.03795666 0.00172712 0.09729516 0.00075272
 0.11541644]
INFO:root:[0.13%][0.78014547 0.0036631  0.02667323 0.00390769 0.07269668 0.00124697
 0.11166679]
INFO:root:[0.13%][0.81241465 0.00557528 0.03379851 0.00100767 0.04377658 0.00102094
 0.10240628]
INFO:root:[0.13%][7.4843872e-01 1.6284860e-03 3.3852365e-02 1.3311084e-03 8.7785825e-02
 7.4400112e-04 1.2621954e-01]
INFO:root:[0.13%][6.57517135e-01 3.68281850e-03 7.66337961e-02 5.80271706e-04
 1.22419514e-01 1.21360552e-03 1.37952968e-01]
INFO:root:[0.13%][0.7485631  0.002563   0.04613613 0.0009056  0.08295158 0.00079845
 0.11808211]
INFO:root:[0.13%][0.75373656 0.00302483 0.03090733 0.00123389 0.07847794 0.0008091
 0.13181043]
INFO:root:[0.13%][0.7145904  0.00234473 0.03134132 0.00185871 0.09517915 0.00088464
 0.15380107]
INFO:root:[0.13%][0.7772617  0.00387485 0.04299942 0.00084329 0.06749847 0.00109861
 0.10642377]
INFO:root:[0.13%][0.7606041  0.00283374 0.05731425 0.00092245 0.0791311  0.0009867
 0.09820765]
INFO:root:[0.13%][0.74355143 0.00236429 0.04170276 0.00148443 0.07910587 0.00076169
 0.13102944]
INFO:root:[0.13%][7.3058599e-01 1.8031152e-03 3.5046268e-02 1.5527505e-03 9.0565175e-02
 6.7839498e-04 1.3976836e-01]
INFO:root:[0.13%][0.73959494 0.00265339 0.04508867 0.00212062 0.09075598 0.00112568
 0.11866076]
INFO:root:[0.15%][0.71204245 0.00312394 0.04591163 0.0014538  0.08056501 0.00093993
 0.15596338]
INFO:root:[0.15%][7.2357446e-01 2.1007292e-03 3.7680097e-02 1.9529309e-03 8.6195566e-02
 6.1248621e-04 1.4788377e-01]
INFO:root:[0.15%][7.5811857e-01 3.3862730e-03 4.0930144e-02 1.6122398e-03 8.4131986e-02
 7.5468083e-04 1.1106621e-01]
INFO:root:[0.15%][0.7268168  0.00340908 0.04190528 0.00112908 0.08195038 0.00075539
 0.14403415]
INFO:root:[0.15%][0.75035703 0.00300623 0.04764929 0.00098512 0.085787   0.00099111
 0.11122423]
INFO:root:[0.15%][7.4106777e-01 1.9714227e-03 3.1818692e-02 1.7774688e-03 8.4530145e-02
 5.9417327e-04 1.3824026e-01]
INFO:root:[0.15%][0.69264734 0.00232192 0.04053259 0.00174984 0.11466949 0.00125419
 0.14682461]
INFO:root:[0.15%][0.6987258  0.00236116 0.03729648 0.00199717 0.10536873 0.00123593
 0.15301466]
INFO:root:[0.15%][0.684132   0.002034   0.02944425 0.00314415 0.10648856 0.00099587
 0.17376114]
INFO:root:[0.15%][7.0140994e-01 2.2276212e-03 2.8016917e-02 1.8089581e-03 1.0212977e-01
 6.0330698e-04 1.6380358e-01]
INFO:root:[0.15%][0.6956004  0.00246868 0.02767379 0.0023601  0.07481342 0.0007783
 0.1963053 ]
INFO:root:[0.15%][0.70086694 0.006531   0.04229191 0.00129636 0.07665164 0.00086004
 0.17150202]
INFO:root:[0.15%][7.3173732e-01 3.1562462e-03 3.5574418e-02 1.0601247e-03 7.5160772e-02
 6.2204391e-04 1.5268911e-01]
INFO:root:[0.15%][0.77613175 0.00197974 0.02600451 0.00077642 0.07605013 0.00132974
 0.11772774]
INFO:root:[0.15%][0.71535414 0.00204586 0.03752831 0.00110759 0.09238005 0.00072952
 0.1508545 ]
INFO:root:[0.15%][7.2221088e-01 2.4755842e-03 3.3513159e-02 8.6730497e-04 9.0975210e-02
 6.7690545e-04 1.4928107e-01]
INFO:root:[0.16%][0.7216586  0.00165801 0.03580827 0.00115327 0.08513626 0.00087757
 0.15370792]
INFO:root:[0.16%][7.3399526e-01 1.5148105e-03 3.1203693e-02 9.9351746e-04 7.9982258e-02
 6.7536737e-04 1.5163499e-01]
INFO:root:[0.16%][0.72193885 0.00265939 0.04035084 0.00087079 0.0724639  0.00090843
 0.1608078 ]
INFO:root:[0.16%][0.6651977  0.00222966 0.02436021 0.00231814 0.1000885  0.00070497
 0.20510088]
INFO:root:[0.16%][7.3551023e-01 3.7580160e-03 2.8566763e-02 7.3212507e-04 8.9879960e-02
 6.9703511e-04 1.4085586e-01]
INFO:root:[0.16%][0.71166235 0.00203802 0.03440458 0.00106674 0.08811168 0.00165804
 0.16105863]
INFO:root:[0.16%][0.6190919  0.00284435 0.05775522 0.00069997 0.10963664 0.00114227
 0.20882952]
INFO:root:[0.16%][0.60063297 0.00231329 0.04312722 0.00092742 0.09806958 0.0013147
 0.2536149 ]
INFO:root:[0.16%][0.60977095 0.0024325  0.04530326 0.00078838 0.10528953 0.00110885
 0.23530653]
INFO:root:[0.16%][0.7727741  0.00287102 0.04184324 0.00095521 0.06541122 0.00088295
 0.11526226]
INFO:root:[0.16%][0.7711953  0.00123749 0.0257055  0.00078047 0.09894422 0.0008412
 0.10129589]
INFO:root:[0.16%][0.7421581  0.00249187 0.03619907 0.00075059 0.08608324 0.00113424
 0.13118288]
INFO:root:[0.16%][0.60414296 0.00200266 0.04586438 0.00065511 0.09828756 0.00099686
 0.24805047]
INFO:root:[0.16%][0.7346523  0.00673594 0.03227196 0.00159101 0.0986067  0.00091083
 0.12523131]
INFO:root:[0.16%][6.7381865e-01 1.9043755e-03 4.1522145e-02 1.2001678e-03 1.1164750e-01
 6.3168508e-04 1.6927558e-01]
INFO:root:[0.18%][7.1543497e-01 1.8989246e-03 4.0207464e-02 5.3752016e-04 8.0567144e-02
 7.2121323e-04 1.6063279e-01]
INFO:root:[0.18%][6.4340693e-01 1.4425807e-03 4.6570566e-02 4.4109891e-04 1.1699811e-01
 6.6223735e-04 1.9047847e-01]
INFO:root:[0.18%][6.7305106e-01 1.3467389e-03 4.7576454e-02 3.7919878e-04 9.6867554e-02
 7.1499666e-04 1.8006407e-01]
INFO:root:[0.18%][0.6633226  0.00195092 0.03649816 0.00155293 0.11187162 0.00090563
 0.18389815]
INFO:root:[0.18%][0.65580523 0.00302536 0.03868283 0.00093686 0.12058543 0.0008225
 0.18014175]
INFO:root:[0.18%][5.9954566e-01 1.6698967e-03 6.2100053e-02 3.5407516e-04 1.1397639e-01
 1.2271453e-03 2.2112671e-01]
INFO:root:[0.18%][6.1121249e-01 1.9518409e-03 6.2213864e-02 3.2574267e-04 1.2501673e-01
 1.1472695e-03 1.9813201e-01]
INFO:root:[0.18%][0.7236814  0.00367714 0.03993889 0.00074401 0.06475092 0.00105846
 0.16614923]
INFO:root:[0.18%][6.8645358e-01 1.7978754e-03 2.4238236e-02 2.3022047e-03 9.1636889e-02
 4.7485688e-04 1.9309649e-01]
INFO:root:[0.18%][7.2483861e-01 3.9401348e-03 2.8519748e-02 1.1367941e-03 6.3129000e-02
 5.2344368e-04 1.7791232e-01]
INFO:root:[0.18%][7.0026809e-01 2.2994969e-03 2.7115336e-02 1.7459632e-03 8.8188507e-02
 4.9158937e-04 1.7989105e-01]
INFO:root:[0.18%][6.84305429e-01 2.57066684e-03 3.21608894e-02 1.90711347e-03
 1.12974375e-01 5.90468408e-04 1.65491045e-01]
INFO:root:[0.18%][0.66206396 0.00289567 0.03524902 0.0007223  0.09250345 0.00110537
 0.20546022]
INFO:root:[0.18%][0.7137348  0.00270641 0.04073778 0.0008022  0.07836537 0.00080065
 0.16285282]
INFO:root:[0.18%][0.6824834  0.00319488 0.04374405 0.00071526 0.08206731 0.00090523
 0.18688998]
INFO:root:[0.19%][6.3836342e-01 3.3833974e-03 3.7959464e-02 9.9155167e-04 1.1606023e-01
 5.8385730e-04 2.0265800e-01]
INFO:root:[0.19%][6.9927031e-01 2.6104315e-03 3.3261959e-02 1.2004063e-03 1.0078177e-01
 6.5756706e-04 1.6221771e-01]
INFO:root:[0.19%][6.66191995e-01 1.19214493e-03 4.43979204e-02 5.92310680e-04
 1.09594874e-01 1.24842394e-03 1.76782489e-01]
INFO:root:[0.19%][6.52113795e-01 1.47346710e-03 4.77909930e-02 5.79369254e-04
 1.10414304e-01 1.83019880e-03 1.85797840e-01]
INFO:root:[0.19%][6.5268773e-01 2.2087479e-03 4.8048317e-02 4.3969724e-04 9.9902235e-02
 1.3020905e-03 1.9541116e-01]
INFO:root:[0.19%][7.0795643e-01 2.4006532e-03 3.7029061e-02 1.2370239e-03 9.4875015e-02
 5.9705373e-04 1.5590480e-01]
INFO:root:[0.19%][0.6566633  0.00445535 0.04079881 0.00066734 0.09031655 0.00157513
 0.20552354]
INFO:root:[0.19%][6.8446356e-01 3.8294690e-03 3.3181388e-02 1.4634941e-03 8.7031141e-02
 6.7517220e-04 1.8935585e-01]
INFO:root:[0.19%][6.4145207e-01 2.5953189e-03 4.7395285e-02 7.8008365e-04 1.2846658e-01
 3.7443283e-04 1.7893626e-01]
INFO:root:[0.19%][0.61472917 0.00352896 0.04907549 0.00071156 0.12310554 0.00064312
 0.20820624]
INFO:root:[0.19%][0.7261833  0.00239224 0.04787894 0.00077476 0.08875677 0.00083389
 0.13318014]
INFO:root:[0.19%][7.21541524e-01 2.60537420e-03 5.52283600e-02 6.97394484e-04
 9.65062082e-02 8.46253883e-04 1.22574806e-01]
INFO:root:[0.19%][7.5993431e-01 2.5624421e-03 4.2999219e-02 7.2308193e-04 7.7370048e-02
 5.7636335e-04 1.1583443e-01]
INFO:root:[0.19%][7.4158919e-01 1.4329070e-03 3.0279733e-02 8.2294503e-04 9.2084691e-02
 7.2046620e-04 1.3307001e-01]
INFO:root:[0.19%][6.99764669e-01 1.95900328e-03 3.88488807e-02 1.35762210e-03
 1.14400126e-01 6.75445306e-04 1.42994225e-01]
INFO:root:[0.19%][0.79328334 0.00441088 0.03812801 0.00115981 0.0828097  0.00083886
 0.07936935]
INFO:root:[0.21%][0.7403253  0.00575463 0.07002088 0.00156238 0.1076955  0.0014386
 0.07320274]
INFO:root:[0.21%][0.77452105 0.00276826 0.08000121 0.00096182 0.07830919 0.00126115
 0.06217735]
INFO:root:[0.21%][0.6422042  0.00191343 0.04646213 0.00151289 0.12758425 0.00082124
 0.17950177]
INFO:root:[0.21%][0.59421957 0.00244833 0.05947413 0.00068187 0.10523941 0.00118413
 0.23675257]
INFO:root:[0.21%][0.71100026 0.00534061 0.04442413 0.00075717 0.09155089 0.0009647
 0.14596224]
INFO:root:[0.21%][0.6935074  0.00253157 0.05375677 0.00072267 0.09212169 0.0012228
 0.15613714]
INFO:root:[0.21%][0.73346937 0.00140725 0.04250889 0.00088901 0.0872533  0.0012652
 0.133207  ]
INFO:root:[0.21%][7.3843485e-01 2.7324383e-03 4.9347159e-02 5.3378142e-04 7.9133131e-02
 9.0997183e-04 1.2890877e-01]
INFO:root:[0.21%][7.6052141e-01 3.0951467e-03 5.8566295e-02 5.2682735e-04 8.5006826e-02
 8.0176821e-04 9.1481633e-02]
INFO:root:[0.21%][7.9461658e-01 1.9781259e-03 3.9862286e-02 4.7483508e-04 8.8845067e-02
 5.8799551e-04 7.3635101e-02]
INFO:root:[0.21%][0.60355103 0.00227113 0.05482886 0.00111513 0.13532324 0.00104346
 0.20186706]
INFO:root:[0.21%][0.59006745 0.00271126 0.06230803 0.00130182 0.12758034 0.00101655
 0.21501449]
INFO:root:[0.21%][7.3882514e-01 2.9882221e-03 4.0942162e-02 5.9229915e-04 8.8936053e-02
 7.9778075e-04 1.2691833e-01]
INFO:root:[0.21%][6.2946385e-01 4.1036312e-03 4.2000208e-02 9.9036202e-04 1.4019458e-01
 5.6639477e-04 1.8268102e-01]
INFO:root:[0.22%][7.6018250e-01 1.8912820e-03 4.5539353e-02 7.7495730e-04 9.1718860e-02
 6.2785851e-04 9.9265270e-02]
INFO:root:[0.22%][7.34729707e-01 2.28783791e-03 5.49623519e-02 7.39672396e-04
 9.18943658e-02 6.68382389e-04 1.14717685e-01]
INFO:root:[0.22%][0.6977148  0.00199794 0.0526104  0.00073893 0.08196957 0.00109458
 0.16387376]
INFO:root:[0.22%][0.7289234  0.00157753 0.04745095 0.00074411 0.08370855 0.00089401
 0.13670151]
INFO:root:[0.22%][6.97141886e-01 1.96850859e-03 3.52594703e-02 1.72304013e-03
 1.12423666e-01 4.64391254e-04 1.51018977e-01]
INFO:root:[0.22%][0.67881906 0.00485124 0.03331895 0.00272162 0.10981002 0.00092662
 0.16955239]
INFO:root:[0.22%][6.5366346e-01 1.7034292e-03 3.6302965e-02 1.4964367e-03 1.4892690e-01
 5.2511482e-04 1.5738174e-01]
INFO:root:[0.22%][7.6704246e-01 2.7302520e-03 4.0759489e-02 8.1190589e-04 8.8389628e-02
 4.8502776e-04 9.9781215e-02]
INFO:root:[0.22%][7.95457959e-01 1.90163893e-03 3.89965139e-02 1.12835853e-03
 6.16179034e-02 5.27819095e-04 1.00369774e-01]
INFO:root:[0.22%][7.20752895e-01 1.60965614e-03 5.12906462e-02 5.49975550e-04
 1.07735991e-01 6.35336153e-04 1.17425546e-01]
INFO:root:[0.22%][0.76168966 0.00244271 0.04915149 0.00081772 0.0819883  0.00079181
 0.10311827]
INFO:root:[0.22%][0.71917355 0.00316122 0.03661163 0.00146827 0.10448563 0.00086203
 0.13423766]
INFO:root:[0.22%][0.723086   0.00319348 0.03685378 0.00174191 0.10251729 0.00078033
 0.1318273 ]
INFO:root:[0.22%][8.3798695e-01 6.5805493e-03 2.7342487e-02 1.2649122e-03 6.1877348e-02
 3.3263222e-04 6.4615130e-02]
INFO:root:[0.22%][8.3560473e-01 5.3726421e-03 2.6958387e-02 1.3232431e-03 6.2193267e-02
 3.0052391e-04 6.8247236e-02]
INFO:root:[0.23%][7.2563189e-01 6.8115075e-03 5.1781919e-02 7.4630091e-04 7.9010218e-02
 5.8967213e-04 1.3542838e-01]
INFO:root:[0.23%][7.9437786e-01 5.6920378e-03 3.1757019e-02 1.4802773e-03 8.6378284e-02
 3.9498496e-04 7.9919510e-02]
INFO:root:[0.23%][7.6490760e-01 4.1927607e-03 4.4767063e-02 1.2979893e-03 9.0734996e-02
 3.8822726e-04 9.3711287e-02]
INFO:root:[0.23%][7.4428165e-01 7.3178550e-03 4.6669059e-02 5.1100407e-04 7.2074845e-02
 6.7936239e-04 1.2846622e-01]
INFO:root:[0.23%][7.7192646e-01 5.0473665e-03 3.0294988e-02 7.3976669e-04 9.1464303e-02
 6.1925343e-04 9.9908046e-02]
INFO:root:[0.23%][7.3941022e-01 2.4221677e-03 3.6637843e-02 1.2206594e-03 9.9160552e-02
 6.3193490e-04 1.2051684e-01]
INFO:root:[0.23%][6.8596822e-01 4.5174728e-03 3.9077938e-02 7.7600870e-04 1.0930342e-01
 6.1120640e-04 1.5974565e-01]
INFO:root:[0.23%][0.7241871  0.0028307  0.05630989 0.00080149 0.08983387 0.00119871
 0.12483827]
INFO:root:[0.23%][7.4603742e-01 4.5837951e-03 5.8852371e-02 5.1819690e-04 8.9688860e-02
 1.0331968e-03 9.9286199e-02]
INFO:root:[0.23%][7.8440440e-01 2.4284734e-03 5.9336271e-02 5.1592855e-04 7.3983893e-02
 1.0129275e-03 7.8318261e-02]
INFO:root:[0.23%][7.9235172e-01 2.8575833e-03 4.5931343e-02 4.9134111e-04 5.9147466e-02
 8.6713716e-04 9.8353408e-02]
INFO:root:[0.23%][0.7416106  0.00226901 0.07003677 0.00119531 0.10861549 0.00104297
 0.07522976]
INFO:root:[0.23%][6.9077790e-01 2.1632786e-03 4.7579333e-02 8.5009233e-04 1.1845132e-01
 5.8292027e-04 1.3959514e-01]
INFO:root:[0.23%][0.7674097  0.00413672 0.05005835 0.00117066 0.09051463 0.00109334
 0.08561661]
INFO:root:[0.25%][6.5521348e-01 2.6129836e-03 4.2744499e-02 1.0025089e-03 1.2407285e-01
 4.6429230e-04 1.7388935e-01]
INFO:root:[0.25%][7.0115370e-01 3.1258939e-03 4.2728983e-02 1.6390287e-03 1.2796237e-01
 5.6289200e-04 1.2282713e-01]
INFO:root:[0.25%][7.2933650e-01 2.5468629e-03 3.6439866e-02 1.4485689e-03 1.0504151e-01
 5.8353727e-04 1.2460321e-01]
INFO:root:[0.25%][6.8253678e-01 2.4919070e-03 3.9386310e-02 1.4350667e-03 1.3287425e-01
 5.9948437e-04 1.4067617e-01]
INFO:root:[0.25%][0.6573757  0.0026335  0.04640435 0.00089206 0.11441515 0.00081728
 0.17746216]
INFO:root:[0.25%][0.6641248  0.00319077 0.04339104 0.00073324 0.10449734 0.00073001
 0.18333276]
INFO:root:[0.25%][7.5256521e-01 4.4200835e-03 6.0390394e-02 5.3494133e-04 8.8264860e-02
 9.9816557e-04 9.2826292e-02]
INFO:root:[0.25%][0.6862378  0.00228264 0.05078623 0.00078549 0.09734788 0.00095067
 0.1616092 ]
INFO:root:[0.25%][7.5827706e-01 4.1170265e-03 3.3550519e-02 1.3221061e-03 6.3554853e-02
 6.9275615e-04 1.3848563e-01]
INFO:root:[0.25%][0.76678526 0.00367038 0.07240766 0.0009463  0.06291639 0.00111184
 0.09216216]
INFO:root:[0.25%][7.5017220e-01 2.4216163e-03 4.4945911e-02 8.7602949e-04 8.3627678e-02
 7.3100615e-04 1.1722561e-01]
INFO:root:[0.25%][0.7366899  0.00238599 0.04850652 0.00103176 0.09341315 0.00075567
 0.11721686]
INFO:root:[0.25%][0.77203786 0.00375599 0.05843854 0.00092613 0.06820436 0.00089865
 0.0957385 ]
INFO:root:[0.25%][0.7484876  0.00511281 0.03968124 0.00121848 0.06843292 0.00076415
 0.13630281]
INFO:root:[0.25%][0.7217407  0.00132077 0.0374998  0.00127218 0.1042757  0.00098643
 0.13290437]
INFO:root:[0.25%][7.5951791e-01 1.5486932e-03 3.8024310e-02 8.0782623e-04 9.0864725e-02
 5.3856312e-04 1.0869801e-01]
INFO:root:[0.26%][6.88746154e-01 2.67244526e-03 4.38332818e-02 1.12827192e-03
 1.06858134e-01 6.46938395e-04 1.56114832e-01]
INFO:root:[0.26%][0.6856862  0.00278799 0.04130834 0.00099304 0.09831277 0.00072016
 0.1701915 ]
INFO:root:[0.26%][7.5316638e-01 2.5999432e-03 3.9673373e-02 7.0491800e-04 8.2742102e-02
 8.9693419e-04 1.2021635e-01]
INFO:root:[0.26%][0.62135166 0.00196533 0.04592142 0.00116901 0.1474542  0.00080875
 0.18132961]
INFO:root:[0.26%][8.1194645e-01 4.3546655e-03 4.5344535e-02 6.8085233e-04 6.2227398e-02
 7.7897729e-04 7.4667148e-02]
INFO:root:[0.26%][0.71001107 0.00454962 0.03904286 0.0015824  0.08273576 0.00083907
 0.16123924]
INFO:root:[0.26%][0.7043379  0.00338262 0.04329169 0.00115541 0.10284859 0.00078
 0.1442037 ]
INFO:root:[0.26%][0.68415076 0.0025125  0.04367342 0.00130074 0.12755102 0.00088095
 0.13993053]
INFO:root:[0.26%][6.7432225e-01 3.7567115e-03 3.4531832e-02 1.0598430e-03 9.9568576e-02
 5.9954869e-04 1.8616121e-01]
INFO:root:[0.26%][7.79395878e-01 6.59885677e-03 2.85593607e-02 1.47635932e-03
 7.41125718e-02 5.97910141e-04 1.09259166e-01]
INFO:root:[0.26%][0.779131   0.00594474 0.05556741 0.00106051 0.0938698  0.00084275
 0.06358381]
INFO:root:[0.26%][7.6846862e-01 6.2253787e-03 3.5047702e-02 1.2078736e-03 8.4877305e-02
 5.0079817e-04 1.0367230e-01]
INFO:root:[0.26%][7.2806853e-01 5.0550285e-03 4.1198317e-02 1.2040479e-03 9.6847698e-02
 5.8427540e-04 1.2704206e-01]
INFO:root:[0.26%][7.4330491e-01 6.0265888e-03 5.0093874e-02 7.8567176e-04 5.7350285e-02
 6.5206754e-04 1.4178656e-01]
INFO:root:[0.26%][6.71010792e-01 3.55964899e-03 4.94398624e-02 1.05072104e-03
 1.05895974e-01 4.24820872e-04 1.68618083e-01]
INFO:root:[0.26%][7.5362092e-01 6.4408779e-03 5.2151438e-02 8.3183590e-04 6.2325656e-02
 6.6264963e-04 1.2396669e-01]
INFO:root:[0.28%][7.2215426e-01 3.3556300e-03 3.9069597e-02 1.5968393e-03 8.3198830e-02
 4.7616314e-04 1.5014870e-01]
INFO:root:[0.28%][7.6572496e-01 8.3579523e-03 4.9105536e-02 7.7376817e-04 5.7277191e-02
 6.8251113e-04 1.1807814e-01]
INFO:root:[0.28%][7.3737389e-01 5.6034471e-03 4.5204982e-02 5.7830982e-04 8.1253432e-02
 6.1855593e-04 1.2936731e-01]
INFO:root:[0.28%][6.82295382e-01 3.27628735e-03 5.02892286e-02 1.23521278e-03
 1.05208494e-01 5.66368981e-04 1.57129034e-01]
INFO:root:[0.28%][7.31474280e-01 4.68698097e-03 4.72917408e-02 1.51953346e-03
 9.38109234e-02 5.78349922e-04 1.20638154e-01]
INFO:root:[0.28%][7.4210793e-01 4.6911743e-03 4.3757975e-02 1.3320700e-03 9.1003776e-02
 5.3856330e-04 1.1656837e-01]
INFO:root:[0.28%][7.4840528e-01 8.0310078e-03 5.0388262e-02 7.5735967e-04 7.4935012e-02
 7.1934826e-04 1.1676370e-01]
INFO:root:[0.28%][0.73150593 0.00698413 0.05394319 0.00084606 0.07681758 0.00075112
 0.12915204]
INFO:root:[0.28%][7.956116e-01 4.313175e-03 3.537112e-02 6.823458e-04 7.457952e-02
 5.772346e-04 8.886515e-02]
INFO:root:[0.28%][7.4315244e-01 6.1066886e-03 5.4065671e-02 4.8864313e-04 8.7925062e-02
 9.5330109e-04 1.0730808e-01]
INFO:root:[0.28%][8.1595665e-01 7.4099740e-03 3.1186702e-02 2.2859115e-03 5.4746792e-02
 5.8961741e-04 8.7824263e-02]
INFO:root:[0.28%][8.1815886e-01 8.7369448e-03 3.1897694e-02 2.0072057e-03 6.0757030e-02
 5.1718694e-04 7.7925086e-02]
INFO:root:[0.28%][7.0064390e-01 5.9090308e-03 6.7210145e-02 1.1154452e-03 9.2682466e-02
 6.8145135e-04 1.3175759e-01]
INFO:root:[0.28%][8.0680048e-01 7.2211022e-03 4.0493719e-02 1.9066712e-03 5.9986759e-02
 4.9905665e-04 8.3092190e-02]
INFO:root:[0.29%][7.2960275e-01 3.9896281e-03 4.9825475e-02 1.9551145e-03 9.1267727e-02
 4.0613289e-04 1.2295307e-01]
INFO:root:[0.29%][6.8844503e-01 5.7309442e-03 5.9493661e-02 1.2071362e-03 8.3705142e-02
 5.7274557e-04 1.6084522e-01]
INFO:root:[0.29%][7.2543573e-01 2.8917657e-03 6.5723076e-02 9.0724789e-04 8.7883726e-02
 4.2030023e-04 1.1673819e-01]
INFO:root:[0.29%][0.68291116 0.00367937 0.06109343 0.00157253 0.08969574 0.00081862
 0.16022913]
INFO:root:[0.29%][0.6658611  0.00316223 0.05502218 0.00223636 0.09252006 0.000787
 0.18041104]
INFO:root:[0.29%][0.6512768  0.00459822 0.04483898 0.00151487 0.08464529 0.00070294
 0.21242292]
INFO:root:[0.29%][6.3254499e-01 2.1954204e-03 4.3570641e-02 1.5829542e-03 1.4387192e-01
 4.2106470e-04 1.7581294e-01]
INFO:root:[0.29%][6.2856984e-01 2.2182332e-03 3.6119953e-02 1.7739672e-03 1.4433798e-01
 4.6700783e-04 1.8651308e-01]
INFO:root:[0.29%][6.8450427e-01 2.2147035e-03 3.8054951e-02 1.7666043e-03 1.2525937e-01
 5.0009310e-04 1.4769994e-01]
INFO:root:[0.29%][6.9635880e-01 1.9048613e-03 2.6779387e-02 1.8547999e-03 8.9727864e-02
 3.1898930e-04 1.8305525e-01]
INFO:root:[0.29%][0.65149236 0.00217887 0.03531502 0.00097427 0.08776671 0.00077171
 0.221501  ]
INFO:root:[0.29%][6.7845708e-01 2.4170652e-03 3.1149456e-02 2.6821177e-03 1.0454060e-01
 3.7977376e-04 1.8037398e-01]
INFO:root:[0.29%][6.9749433e-01 1.2754962e-03 2.9770441e-02 1.6513295e-03 1.1307037e-01
 6.8707333e-04 1.5605105e-01]
INFO:root:[0.29%][6.5489370e-01 2.6079139e-03 3.2012995e-02 3.3316878e-03 1.0692049e-01
 6.3657545e-04 1.9959663e-01]
INFO:root:[0.29%][0.634391   0.00238522 0.02917079 0.0036073  0.11528376 0.00063553
 0.21452637]
INFO:root:[0.29%][6.6518074e-01 1.9974213e-03 3.7056379e-02 1.4932413e-03 9.0291463e-02
 3.8476105e-04 2.0359594e-01]
INFO:root:[0.3%][0.6651022  0.00237127 0.02908107 0.00281289 0.09053979 0.00088356
 0.20920923]
INFO:root:[0.3%][0.68082875 0.00304629 0.06887185 0.00136222 0.0939596  0.00119883
 0.15073252]
INFO:root:[0.3%][0.689382   0.00143553 0.03619346 0.00140048 0.0903658  0.00090337
 0.18031923]
INFO:root:[0.3%][0.5967483  0.0012012  0.02921124 0.00232794 0.10209999 0.00077279
 0.26763856]
INFO:root:[0.3%][7.3563230e-01 1.5389507e-03 2.7563896e-02 1.3895567e-03 1.0155328e-01
 5.7204941e-04 1.3175000e-01]
INFO:root:[0.3%][6.7471594e-01 2.1601319e-03 3.4034111e-02 1.4814941e-03 8.9663662e-02
 5.7734794e-04 1.9736746e-01]
INFO:root:[0.3%][0.64471763 0.00174567 0.03566047 0.00127209 0.11860718 0.00066712
 0.19732995]
INFO:root:[0.3%][0.61393356 0.00235261 0.03050764 0.00124385 0.0932819  0.00073791
 0.2579425 ]
INFO:root:[0.3%][0.68209946 0.00567256 0.03288001 0.0021854  0.09662785 0.00077785
 0.1797568 ]
INFO:root:[0.3%][7.4827480e-01 2.0222780e-03 3.2169383e-02 9.2970516e-04 8.1041627e-02
 5.8833469e-04 1.3497384e-01]
INFO:root:[0.3%][0.5470709  0.00199762 0.05175353 0.00087621 0.13135225 0.00161181
 0.2653376 ]
INFO:root:[0.3%][0.66525275 0.00219021 0.03433907 0.00121991 0.0983083  0.00091716
 0.1977726 ]
INFO:root:[0.3%][0.70152056 0.00201983 0.03452445 0.00089813 0.09154589 0.00076182
 0.16872925]
INFO:root:[0.3%][7.4368268e-01 2.9955867e-03 3.0255787e-02 8.2158524e-04 8.1765279e-02
 5.6356576e-04 1.3991553e-01]
INFO:root:[0.3%][0.75036466 0.00437252 0.04191893 0.00106331 0.06875727 0.00079656
 0.13272674]
INFO:root:[0.32%][7.0373529e-01 3.2384929e-03 3.7887167e-02 7.5106014e-04 9.9896997e-02
 6.8280176e-04 1.5380816e-01]
INFO:root:[0.32%][0.66459525 0.00412992 0.04401051 0.00076854 0.09655771 0.00072304
 0.18921514]
INFO:root:[0.32%][0.65770245 0.00260834 0.04155624 0.00069223 0.09509484 0.00073183
 0.2016141 ]
INFO:root:[0.32%][7.3527789e-01 1.5715462e-03 3.2321613e-02 7.2245044e-04 9.6224912e-02
 1.2039273e-03 1.3267784e-01]
INFO:root:[0.32%][6.5773737e-01 2.3817578e-03 2.9444898e-02 1.5923622e-03 9.2106156e-02
 4.6310513e-04 2.1627446e-01]
INFO:root:[0.32%][6.3121015e-01 2.8917431e-03 4.1726869e-02 5.9582083e-04 9.4987966e-02
 7.7642570e-04 2.2781114e-01]
INFO:root:[0.32%][6.2462670e-01 2.4996325e-03 3.3606607e-02 1.4563365e-03 9.7757116e-02
 5.9763336e-04 2.3945595e-01]
INFO:root:[0.32%][0.64592403 0.00302608 0.03562264 0.00075638 0.08856837 0.00066249
 0.22543997]
INFO:root:[0.32%][0.7350583  0.0015632  0.03941978 0.00091064 0.11104275 0.00105442
 0.11095098]
INFO:root:[0.32%][7.2793871e-01 2.3572948e-03 2.8846640e-02 1.0839362e-03 8.2261369e-02
 4.0307213e-04 1.5710896e-01]
INFO:root:[0.32%][6.7804825e-01 3.3831499e-03 3.3897698e-02 1.4783737e-03 1.0370824e-01
 6.5118854e-04 1.7883320e-01]
INFO:root:[0.32%][0.71650004 0.00368297 0.04292472 0.00115316 0.07922556 0.00074805
 0.15576543]
INFO:root:[0.32%][7.0763177e-01 1.9591711e-03 2.9918512e-02 1.4357023e-03 9.4546184e-02
 5.1619665e-04 1.6399245e-01]
INFO:root:[0.32%][7.2625017e-01 2.5871277e-03 3.3219926e-02 1.1782331e-03 8.5768528e-02
 5.5011525e-04 1.5044595e-01]
INFO:root:[0.32%][0.69712955 0.00275764 0.04318103 0.00151776 0.0938848  0.00117265
 0.16035658]
INFO:root:[0.33%][7.1408999e-01 2.8638116e-03 3.3504963e-02 9.9272036e-04 9.5544115e-02
 5.3414231e-04 1.5247020e-01]
INFO:root:[0.33%][6.8888921e-01 2.5568171e-03 3.2120835e-02 1.1708608e-03 1.0595785e-01
 6.8217947e-04 1.6862227e-01]
INFO:root:[0.33%][0.69256985 0.00180585 0.03610182 0.00096107 0.08916543 0.00089711
 0.17849886]
INFO:root:[0.33%][6.4255613e-01 2.0010828e-03 3.2648999e-02 1.4497193e-03 1.0502316e-01
 5.7001493e-04 2.1575095e-01]
INFO:root:[0.33%][0.6649414  0.00726258 0.04601301 0.00164696 0.08156135 0.00082169
 0.19775304]
INFO:root:[0.33%][0.6053228  0.00471242 0.04423601 0.00162059 0.08194826 0.00084179
 0.2613181 ]
INFO:root:[0.33%][0.6510819  0.00283744 0.03068617 0.00288993 0.09970777 0.00131746
 0.21147923]
INFO:root:[0.33%][0.6120332  0.00248484 0.03712803 0.00107337 0.10691499 0.00172136
 0.23864418]
INFO:root:[0.33%][0.64057326 0.00224658 0.04301972 0.00082349 0.08732215 0.00136795
 0.22464684]
INFO:root:[0.33%][0.6733732  0.00349756 0.0415194  0.00081896 0.08260422 0.00146212
 0.19672458]
INFO:root:[0.33%][0.65450466 0.00215502 0.03308467 0.00242692 0.11210215 0.00087206
 0.19485462]
INFO:root:[0.33%][0.7153571  0.00164211 0.03351029 0.00085078 0.08852281 0.00100625
 0.15911068]
INFO:root:[0.33%][0.6363652  0.00217909 0.04026741 0.00106421 0.09009548 0.00063982
 0.22938879]
INFO:root:[0.33%][0.67407    0.00308706 0.02590388 0.00151713 0.10661717 0.00091676
 0.18788798]
INFO:root:[0.33%][0.56855154 0.00218725 0.03851248 0.00139899 0.10878128 0.00121686
 0.2793517 ]
INFO:root:[0.33%][0.6816759  0.00204955 0.04164364 0.00111342 0.08562014 0.00095168
 0.18694568]
INFO:root:[0.35%][0.42727843 0.00280716 0.02700752 0.00113482 0.10488518 0.00045142
 0.4364354 ]
INFO:root:[0.35%][0.503977   0.00137499 0.03092478 0.00116545 0.10876121 0.00058548
 0.3532112 ]
INFO:root:[0.35%][0.49181396 0.00106822 0.05673913 0.0006757  0.06383947 0.00138999
 0.38447353]
INFO:root:[0.35%][0.35937515 0.00264604 0.06587361 0.00115332 0.11104376 0.0026083
 0.45729977]
INFO:root:[0.35%][2.1487381e-01 6.0778955e-04 3.0779259e-02 9.0871647e-04 7.6114334e-02
 1.0799924e-03 6.7563611e-01]
INFO:root:[0.35%][0.3010762  0.00139233 0.05165818 0.00192633 0.07126293 0.00181427
 0.57086974]
INFO:root:[0.35%][1.9998795e-01 3.6611274e-04 3.3143844e-02 9.4016426e-04 6.4643793e-02
 1.9703521e-03 6.9894773e-01]
INFO:root:[0.35%][0.2100013  0.00090513 0.05743365 0.00146995 0.07632495 0.00425311
 0.6496119 ]
INFO:root:[0.35%][1.4760944e-01 5.3626165e-04 6.4203329e-02 9.0556918e-04 6.7271419e-02
 5.2057267e-03 7.1426827e-01]
INFO:root:[0.35%][8.8784844e-02 6.4452540e-04 6.0828947e-02 7.5590500e-04 6.3066304e-02
 7.1784919e-03 7.7874100e-01]
INFO:root:[0.35%][1.1348315e-01 4.5421391e-04 6.8500705e-02 5.9400027e-04 7.6081447e-02
 4.4631097e-03 7.3642337e-01]
INFO:root:[0.35%][1.3572870e-01 5.7917717e-04 5.5285826e-02 4.6788470e-04 6.5207079e-02
 3.6310861e-03 7.3910022e-01]
INFO:root:[0.35%][0.11362339 0.00229868 0.12337393 0.00124708 0.07214429 0.02729657
 0.660016  ]
INFO:root:[0.35%][0.14152893 0.00142377 0.16125272 0.00062895 0.09487362 0.01874991
 0.5815421 ]
INFO:root:[0.36%][8.8094853e-02 2.0504643e-03 1.5171079e-01 5.5212423e-04 7.0188120e-02
 1.1183257e-02 6.7622042e-01]
INFO:root:[0.36%][9.3183637e-02 2.1287224e-03 1.4391166e-01 4.8045508e-04 8.0432937e-02
 1.3011037e-02 6.6685158e-01]
INFO:root:[0.36%][9.3537018e-02 1.6316904e-03 1.9582362e-01 4.7672592e-04 8.3065778e-02
 2.3788132e-02 6.0167706e-01]
INFO:root:[0.36%][0.1511461  0.00074639 0.08177906 0.00096083 0.08505096 0.00667205
 0.6736446 ]
INFO:root:[0.36%][1.4895885e-01 1.0800350e-03 6.7415118e-02 6.1763753e-04 1.0032263e-01
 2.3025556e-03 6.7930323e-01]
INFO:root:[0.36%][1.6214477e-01 3.4275604e-03 6.0575269e-02 5.1915698e-04 8.7875262e-02
 1.1825975e-03 6.8427539e-01]
INFO:root:[0.36%][0.26739112 0.00255982 0.06912333 0.00091679 0.0938019  0.00267766
 0.5635294 ]
INFO:root:[0.36%][0.2707124  0.00334108 0.07661135 0.00077566 0.07218777 0.00121976
 0.5751519 ]
INFO:root:[0.36%][0.3153369  0.0016697  0.06393828 0.00147329 0.08957341 0.0008524
 0.52715605]
INFO:root:[0.36%][0.47365686 0.00110999 0.03459185 0.00112648 0.06976391 0.00081629
 0.41893464]
INFO:root:[0.36%][0.4828282  0.00148668 0.04376315 0.0009263  0.08236465 0.00074321
 0.38788787]
INFO:root:[0.36%][0.5185594  0.00133514 0.02898021 0.00075618 0.07109842 0.000881
 0.3783896 ]
INFO:root:[0.36%][0.5256815  0.00170493 0.03481779 0.00079108 0.07411461 0.00080633
 0.36208376]
INFO:root:[0.36%][0.40262416 0.00436143 0.04722861 0.00094961 0.08667261 0.00058463
 0.45757893]
INFO:root:[0.36%][0.4598661  0.00206521 0.03972565 0.00147834 0.09520165 0.00055133
 0.40111172]
INFO:root:[0.36%][0.43506098 0.00334884 0.05014402 0.00083775 0.10080861 0.00068392
 0.4091159 ]
INFO:root:[0.36%][0.436049   0.00152776 0.04090837 0.00106561 0.08330204 0.00088057
 0.43626657]
INFO:root:[0.37%][0.46220315 0.00152136 0.03945124 0.00106417 0.08149222 0.00107207
 0.4131958 ]
INFO:root:[0.37%][0.51584285 0.00214839 0.04635054 0.00121186 0.07721013 0.00094437
 0.3562918 ]
INFO:root:[0.37%][0.5279716  0.00261791 0.0449019  0.00102686 0.0790456  0.00067896
 0.34375712]
INFO:root:[0.37%][0.44236293 0.0017221  0.05518699 0.00063098 0.08366745 0.00078733
 0.41564217]
INFO:root:[0.37%][0.5390368  0.0025534  0.05320992 0.00077445 0.091607   0.00073836
 0.3120801 ]
INFO:root:[0.37%][0.3374086  0.00407421 0.05511842 0.00095759 0.09681477 0.00224076
 0.5033857 ]
INFO:root:[0.37%][0.45403033 0.00445399 0.06522638 0.00099175 0.09286442 0.00218963
 0.38024357]
INFO:root:[0.37%][0.3809481  0.00393473 0.07308717 0.00091064 0.12940985 0.00131817
 0.41039136]
INFO:root:[0.37%][5.46952665e-01 3.64582567e-03 1.24970861e-01 4.21661622e-04
 1.10869564e-01 3.33984382e-03 2.09799558e-01]
INFO:root:[0.37%][4.9450430e-01 2.8551640e-03 1.7280576e-01 2.2907277e-04 1.1442694e-01
 5.2430155e-03 2.0993565e-01]
INFO:root:[0.37%][5.36884129e-01 3.89170949e-03 1.03160962e-01 4.62450407e-04
 1.05033256e-01 2.58575706e-03 2.47981846e-01]
INFO:root:[0.37%][4.4726247e-01 1.9531930e-03 1.7635177e-01 3.0109001e-04 9.7933866e-02
 4.6770223e-03 2.7152058e-01]
INFO:root:[0.37%][4.8761427e-01 3.3625413e-03 1.8881159e-01 3.2162384e-04 1.2099229e-01
 7.3266476e-03 1.9157097e-01]
INFO:root:[0.37%][3.4163472e-01 1.3609917e-03 2.9357007e-01 1.6634137e-04 1.1485423e-01
 6.7536253e-03 2.4166013e-01]
INFO:root:[0.37%][3.6532125e-01 1.8843282e-03 2.1453227e-01 1.8260139e-04 1.1162255e-01
 4.4674715e-03 3.0198953e-01]
INFO:root:[0.39%][0.1848301  0.00206392 0.21788791 0.00060141 0.14100017 0.00785445
 0.445762  ]
INFO:root:[0.39%][0.31944433 0.00652809 0.14533065 0.0004579  0.15329438 0.00652823
 0.3684164 ]
INFO:root:[0.39%][0.29373023 0.00789933 0.14059813 0.00060123 0.15618141 0.00373363
 0.39725605]
INFO:root:[0.39%][0.3481479  0.0037573  0.11436661 0.0005689  0.12360964 0.00298244
 0.4065672 ]
INFO:root:[0.39%][0.37073356 0.00786415 0.13227126 0.00068129 0.16145447 0.00692415
 0.32007113]
INFO:root:[0.39%][0.30536324 0.00543143 0.08594253 0.00095659 0.17317848 0.00424737
 0.42488033]
INFO:root:[0.39%][0.24983059 0.00166174 0.17001346 0.00041301 0.20669554 0.00398207
 0.36740357]
INFO:root:[0.39%][2.3452915e-01 1.3409547e-03 1.6058949e-01 3.9499693e-04 1.9453493e-01
 2.8367846e-03 4.0577367e-01]
INFO:root:[0.39%][0.26006025 0.00291213 0.09248202 0.00073151 0.18897107 0.0024494
 0.4523935 ]
INFO:root:[0.39%][0.34148175 0.00234053 0.12975404 0.00074035 0.18163095 0.00392726
 0.34012508]
INFO:root:[0.39%][0.29942515 0.00415416 0.11979064 0.00048043 0.21177994 0.00145812
 0.36291158]
INFO:root:[0.39%][0.32078323 0.00161773 0.12748732 0.00041763 0.24191605 0.00236786
 0.30541024]
INFO:root:[0.39%][3.1885242e-01 2.3559963e-03 1.1113833e-01 3.3762591e-04 2.1628764e-01
 1.6554404e-03 3.4937254e-01]
INFO:root:[0.39%][0.3528073  0.01219336 0.13183098 0.00072036 0.17527482 0.00338058
 0.32379255]
INFO:root:[0.4%][0.29804274 0.00394295 0.15681182 0.00043671 0.16595301 0.00254002
 0.37227267]
INFO:root:[0.4%][0.1760574  0.00427108 0.22544158 0.00121769 0.2348405  0.00561862
 0.35255307]
INFO:root:[0.4%][0.26167107 0.00244024 0.10788933 0.00096891 0.2144941  0.00345857
 0.40907773]
INFO:root:[0.4%][0.27980682 0.00292851 0.07891586 0.00057215 0.23243389 0.00185258
 0.4034902 ]
INFO:root:[0.4%][0.30659714 0.00410881 0.09712381 0.00202686 0.16411436 0.00286734
 0.42316175]
INFO:root:[0.4%][0.30155435 0.00390798 0.09522934 0.00067016 0.20592175 0.00227445
 0.39044204]
INFO:root:[0.4%][0.29551715 0.00261644 0.06583156 0.00216118 0.14908926 0.00148884
 0.4832956 ]
INFO:root:[0.4%][0.30275843 0.00305071 0.08122391 0.00304594 0.14764194 0.00352361
 0.45875546]
INFO:root:[0.4%][0.34553838 0.00159153 0.10179283 0.00412277 0.13025042 0.00262305
 0.41408107]
INFO:root:[0.4%][0.34573722 0.00146495 0.10906529 0.00331032 0.13089208 0.00409278
 0.4054373 ]
INFO:root:[0.4%][0.5883313  0.00275819 0.07032667 0.00229648 0.07348841 0.00113403
 0.26166502]
INFO:root:[0.4%][0.29374644 0.00575787 0.07715727 0.01592554 0.17515711 0.00235275
 0.4299029 ]
INFO:root:[0.4%][0.36115083 0.0004876  0.12274712 0.00670245 0.13093463 0.00342744
 0.37454996]
INFO:root:[0.4%][3.0063125e-01 2.9562847e-04 1.8235150e-01 1.1015976e-02 2.5986081e-01
 1.1703224e-02 2.3414162e-01]
INFO:root:[0.4%][4.6050632e-01 4.1666685e-04 9.4956748e-02 6.6049807e-03 8.5428663e-02
 4.0534064e-03 3.4803325e-01]
INFO:root:[0.4%][4.5164755e-01 3.2007476e-04 1.3155030e-01 1.9059634e-02 1.6709551e-01
 6.5458911e-03 2.2378097e-01]
INFO:root:[0.42%][4.4284859e-01 3.4815434e-04 1.3273366e-01 1.4078329e-02 1.5273300e-01
 8.1900200e-03 2.4906829e-01]
INFO:root:[0.42%][0.23642853 0.00031082 0.2543259  0.00842228 0.18694672 0.0145799
 0.29898584]
INFO:root:[0.42%][0.4427857  0.00844095 0.07584418 0.00824625 0.11585754 0.00174287
 0.34708238]
INFO:root:[0.42%][0.35288793 0.00462896 0.09842225 0.00650214 0.15957543 0.00209172
 0.37589148]
INFO:root:[0.42%][0.3518989  0.00284617 0.05002306 0.00721629 0.10781365 0.00528104
 0.47492087]
INFO:root:[0.42%][0.37090003 0.00856404 0.10674807 0.00390576 0.14557537 0.00462973
 0.35967708]
INFO:root:[0.42%][0.4604684  0.00325832 0.13398221 0.00579533 0.11250786 0.00648796
 0.27749988]
INFO:root:[0.42%][0.48094147 0.0078455  0.13331287 0.00450384 0.14326555 0.00584164
 0.22428913]
INFO:root:[0.42%][0.41139024 0.00190999 0.10505205 0.00976291 0.16236793 0.00606156
 0.30345532]
INFO:root:[0.42%][0.28193173 0.00116839 0.12241046 0.01105888 0.24383126 0.00865809
 0.3309412 ]
INFO:root:[0.42%][0.3032686  0.00289955 0.11813296 0.01080668 0.15979306 0.00622115
 0.39887798]
INFO:root:[0.42%][0.32997018 0.00179999 0.07607841 0.00919819 0.16815193 0.00269017
 0.41211113]
INFO:root:[0.42%][0.4950944  0.00423086 0.08130082 0.00196852 0.10908251 0.00290728
 0.30541566]
INFO:root:[0.42%][0.26118833 0.00172135 0.07523811 0.00823915 0.1648351  0.00479905
 0.48397887]
INFO:root:[0.42%][0.33687615 0.00458753 0.07962108 0.00483348 0.14080887 0.0070821
 0.42619082]
INFO:root:[0.42%][0.4103634  0.0037334  0.08318064 0.00283074 0.11072394 0.00319124
 0.38597652]
INFO:root:[0.43%][0.5409975  0.00851717 0.08204364 0.00285427 0.10369943 0.00221456
 0.25967342]
INFO:root:[0.43%][0.29529592 0.00138645 0.09110167 0.01367721 0.19341901 0.00626548
 0.39885426]
INFO:root:[0.43%][0.46454424 0.00410568 0.13884664 0.00356615 0.14596859 0.00835948
 0.23460926]
INFO:root:[0.43%][0.31324956 0.00232188 0.07553304 0.0100927  0.1995697  0.00397928
 0.39525384]
INFO:root:[0.43%][0.28240508 0.00251338 0.11742782 0.0072303  0.16690068 0.0034019
 0.42012092]
INFO:root:[0.43%][0.3599837  0.00200373 0.15285645 0.00372848 0.13246463 0.00349613
 0.34546697]
INFO:root:[0.43%][0.39562652 0.00146735 0.12851915 0.00461879 0.09798719 0.00734046
 0.3644405 ]
INFO:root:[0.43%][0.38133886 0.00302466 0.13298881 0.00323479 0.10289998 0.00557844
 0.37093443]
INFO:root:[0.43%][0.36216843 0.00317847 0.13956143 0.00395026 0.10408369 0.00644025
 0.38061747]
INFO:root:[0.43%][0.39665404 0.00221769 0.11383399 0.00426518 0.0874624  0.00435887
 0.39120787]
INFO:root:[0.43%][0.4814114  0.00367347 0.16218469 0.0029413  0.1137402  0.0025521
 0.23349692]
INFO:root:[0.43%][0.4086165  0.00473688 0.11314686 0.00553815 0.10675571 0.00804447
 0.35316142]
INFO:root:[0.43%][0.19980238 0.00264336 0.10029805 0.01872481 0.18500328 0.00416207
 0.489366  ]
INFO:root:[0.43%][0.24198478 0.00216074 0.16929032 0.00651094 0.19267946 0.00637771
 0.38099602]
INFO:root:[0.43%][0.50401324 0.00271331 0.08694819 0.00200105 0.08324212 0.00190322
 0.3191789 ]
INFO:root:[0.43%][0.4841626  0.00929542 0.09578394 0.00144152 0.08712935 0.00207442
 0.32011276]
INFO:root:[0.44%][0.34671593 0.00659881 0.12951884 0.0067067  0.170073   0.0035509
 0.33683586]
INFO:root:[0.44%][0.39773935 0.00627097 0.1769856  0.00308852 0.15322731 0.00517331
 0.2575149 ]
INFO:root:[0.44%][0.34708622 0.00462799 0.1205443  0.00150777 0.1474368  0.00173202
 0.37706497]
INFO:root:[0.44%][0.31955424 0.00192189 0.07693031 0.0049929  0.15902266 0.00266271
 0.43491524]
INFO:root:[0.44%][0.46798226 0.00803917 0.10430402 0.00209441 0.10885366 0.0030195
 0.30570704]
INFO:root:[0.44%][0.33953056 0.0016135  0.08986324 0.00410087 0.15077014 0.00162344
 0.4124982 ]
INFO:root:[0.44%][0.53825325 0.00500037 0.09550416 0.002149   0.0904237  0.0043241
 0.26434538]
INFO:root:[0.44%][0.28241727 0.00198633 0.11931746 0.00360545 0.11736384 0.00333585
 0.47197384]
INFO:root:[0.44%][0.25096297 0.00222741 0.16874684 0.00566205 0.22125404 0.00376566
 0.347381  ]
INFO:root:[0.44%][0.26359376 0.00086288 0.05030843 0.00422245 0.19013223 0.00225315
 0.48862725]
INFO:root:[0.44%][0.6046046  0.00369419 0.10128742 0.00131464 0.07872511 0.00204195
 0.20833208]
INFO:root:[0.44%][0.48150346 0.0072312  0.15152234 0.00167577 0.11023798 0.00569807
 0.24213119]
INFO:root:[0.44%][0.37282357 0.00421043 0.2195698  0.00410597 0.14053345 0.00818419
 0.25057256]
INFO:root:[0.44%][0.22279398 0.00242234 0.12349922 0.0044506  0.19712219 0.00503523
 0.44467646]
INFO:root:[0.44%][0.6255221  0.00402813 0.03942968 0.00162586 0.1118702  0.00168875
 0.21583526]
INFO:root:[0.46%][0.5649847  0.00679393 0.09134909 0.00222935 0.09757157 0.00250359
 0.23456775]
INFO:root:[0.46%][0.51536113 0.00527799 0.09310384 0.00327506 0.10477094 0.00603933
 0.2721717 ]
INFO:root:[0.46%][0.32213214 0.00201086 0.1760488  0.00499974 0.14842418 0.00603408
 0.3403502 ]
INFO:root:[0.46%][0.49232984 0.00675384 0.08851993 0.00341123 0.11219174 0.00507319
 0.2917203 ]
INFO:root:[0.46%][0.48560956 0.00824384 0.08500782 0.00330839 0.11766218 0.00438679
 0.2957814 ]
INFO:root:[0.46%][0.60278755 0.01183242 0.04080063 0.01388603 0.10969537 0.00342113
 0.21757688]
INFO:root:[0.46%][0.5130295  0.00443284 0.06690399 0.0023091  0.0983282  0.00203457
 0.31296194]
INFO:root:[0.46%][0.7171859  0.00519127 0.0502505  0.00202304 0.06600241 0.00185327
 0.15749355]
INFO:root:[0.46%][0.29785493 0.00176625 0.09379449 0.0069198  0.15984349 0.00283889
 0.43698218]
INFO:root:[0.46%][0.36195457 0.00227495 0.12732363 0.0062445  0.13348559 0.00357329
 0.3651435 ]
INFO:root:[0.46%][0.37450075 0.00138452 0.149419   0.00310157 0.16118343 0.00282459
 0.30758613]
INFO:root:[0.46%][0.32443243 0.00078085 0.10555285 0.00424849 0.16922307 0.00319756
 0.39256477]
INFO:root:[0.46%][0.67306817 0.00624068 0.0575025  0.00191707 0.08319147 0.00165659
 0.17642353]
INFO:root:[0.46%][0.27897307 0.00170304 0.10173128 0.00644709 0.1525683  0.00352842
 0.4550488 ]
INFO:root:[0.46%][0.37217128 0.0049243  0.08354741 0.00361931 0.16449265 0.00168373
 0.36956134]
INFO:root:[0.47%][0.3945352  0.00608847 0.12822478 0.00237618 0.14536391 0.0032115
 0.32019988]
INFO:root:[0.47%][0.41189903 0.00265756 0.12223598 0.00146938 0.13108236 0.00330851
 0.32734725]
INFO:root:[0.47%][0.38948002 0.00508233 0.12250815 0.00363837 0.13703229 0.00323975
 0.3390191 ]
INFO:root:[0.47%][0.41564822 0.00354073 0.11136479 0.00123518 0.14793873 0.00126139
 0.31901103]
INFO:root:[0.47%][0.4032793  0.00311161 0.0848376  0.00107396 0.1289142  0.00120918
 0.37757415]
INFO:root:[0.47%][0.3364518  0.00230491 0.09737688 0.00285424 0.14205112 0.00176917
 0.41719192]
INFO:root:[0.47%][0.37811452 0.00389154 0.15237103 0.00181049 0.20083673 0.0018632
 0.26111257]
INFO:root:[0.47%][0.23717795 0.00285836 0.17586893 0.0033372  0.2200677  0.00337699
 0.35731292]
INFO:root:[0.47%][0.48408315 0.00583924 0.09597078 0.00119967 0.10346579 0.001475
 0.3079664 ]
INFO:root:[0.47%][0.4131658  0.00366683 0.10115788 0.00206264 0.12838183 0.00231864
 0.3492463 ]
INFO:root:[0.47%][0.3240315  0.00428602 0.11125351 0.00303566 0.17987102 0.00319032
 0.37433195]
INFO:root:[0.47%][0.491593   0.00919431 0.12315121 0.00095574 0.1333604  0.00278881
 0.2389565 ]
INFO:root:[0.47%][0.5654176  0.00864193 0.09048819 0.00191509 0.08834437 0.00282356
 0.24236928]
INFO:root:[0.47%][0.48277336 0.00758242 0.08667111 0.00204955 0.09759869 0.0023525
 0.3209724 ]
INFO:root:[0.47%][0.50412613 0.00568708 0.15997548 0.0020307  0.10049485 0.00533727
 0.22234854]
INFO:root:[0.49%][0.4786484  0.00551205 0.13280667 0.00087045 0.11782996 0.00329307
 0.2610394 ]
INFO:root:[0.49%][0.3098987  0.00157681 0.13536832 0.00161345 0.15419345 0.00530228
 0.392047  ]
INFO:root:[0.49%][0.57422024 0.0038883  0.13106501 0.00180247 0.09851356 0.00616099
 0.18434942]
INFO:root:[0.49%][0.5715547  0.00666448 0.11289413 0.00116693 0.13752799 0.00168755
 0.16850421]
INFO:root:[0.49%][0.549209   0.00591312 0.1271723  0.00235146 0.09279267 0.00674205
 0.21581939]
INFO:root:[0.49%][0.5854293  0.00882538 0.08171014 0.00106389 0.08662775 0.00214521
 0.23419839]
INFO:root:[0.49%][0.6115291  0.01037433 0.13981406 0.00106976 0.09770907 0.0025513
 0.13695239]
INFO:root:[0.49%][0.34231716 0.00069228 0.15348877 0.0022619  0.17060737 0.00699968
 0.32363272]
INFO:root:[0.49%][0.4287784  0.00131963 0.14630911 0.00206282 0.16777803 0.00544832
 0.24830367]
INFO:root:[0.49%][0.39444938 0.00316064 0.15629758 0.00224804 0.14766377 0.0059895
 0.29019117]
INFO:root:[0.49%][0.38741878 0.00260894 0.15465751 0.00218052 0.15506852 0.00483548
 0.29323035]
INFO:root:[0.49%][0.32788607 0.00145807 0.09752943 0.00616763 0.17145976 0.00317122
 0.39232782]
INFO:root:[0.49%][0.39059842 0.00322587 0.14032803 0.00146049 0.18006784 0.00380216
 0.28051713]
INFO:root:[0.49%][0.40099353 0.00187566 0.08618631 0.00170683 0.14726141 0.00327595
 0.3587003 ]
INFO:root:[0.49%][0.5460354  0.00950023 0.11782442 0.00055224 0.13715254 0.00168691
 0.18724813]
INFO:root:[0.5%][5.3662395e-01 3.2551333e-03 1.2810402e-01 4.2672531e-04 1.4245640e-01
 1.5919282e-03 1.8754186e-01]
INFO:root:[0.5%][5.3858447e-01 4.0374827e-03 1.3766104e-01 3.6593259e-04 1.2518011e-01
 1.4630815e-03 1.9270788e-01]
INFO:root:[0.5%][5.2929372e-01 5.1565627e-03 1.1293584e-01 2.0754566e-04 1.4233647e-01
 1.3916712e-03 2.0867814e-01]
INFO:root:[0.5%][0.5172861  0.00327791 0.11616355 0.00053486 0.12406982 0.00138362
 0.23728405]
INFO:root:[0.5%][4.7964427e-01 3.1985615e-03 1.0930849e-01 3.3520939e-04 1.2896264e-01
 1.4987525e-03 2.7705210e-01]
INFO:root:[0.5%][0.4619139  0.0035837  0.10474147 0.00054255 0.12463401 0.00192114
 0.30266327]
INFO:root:[0.5%][5.8662182e-01 7.6177977e-03 1.3165939e-01 3.4006036e-04 1.1272248e-01
 2.9532339e-03 1.5808524e-01]
INFO:root:[0.5%][5.3131318e-01 8.0593405e-03 1.3395290e-01 4.4793330e-04 1.4483261e-01
 2.0887777e-03 1.7930527e-01]
INFO:root:[0.5%][4.6494788e-01 5.1414971e-03 1.2262987e-01 4.5090381e-04 1.8014053e-01
 2.2874440e-03 2.2440191e-01]
INFO:root:[0.5%][4.7795421e-01 2.9434953e-03 1.2089357e-01 4.0458146e-04 1.3919519e-01
 1.0427360e-03 2.5756618e-01]
INFO:root:[0.5%][5.81297934e-01 8.03142134e-03 1.09029025e-01 4.49736341e-04
 1.34719625e-01 1.17123814e-03 1.65301025e-01]
INFO:root:[0.5%][0.41365647 0.00312977 0.13220046 0.00052308 0.16442946 0.00265088
 0.28340992]
INFO:root:[0.5%][0.51131505 0.00821272 0.1404825  0.00060817 0.12588117 0.00301047
 0.21048987]
INFO:root:[0.5%][0.45221388 0.00624399 0.16651106 0.00049854 0.16693014 0.00407349
 0.20352885]
INFO:root:[0.5%][0.5153069  0.00692303 0.131465   0.00064991 0.13334885 0.00241288
 0.20989345]
INFO:root:[0.5%][0.51124066 0.00461484 0.1234384  0.00070823 0.13943645 0.00160437
 0.218957  ]
INFO:root:[0.52%][4.8060817e-01 4.9043912e-03 1.1130715e-01 4.5264387e-04 1.4631127e-01
 7.8724243e-04 2.5562912e-01]
INFO:root:[0.52%][0.42669505 0.00421672 0.07394554 0.00069116 0.11391968 0.00104164
 0.37949017]
INFO:root:[0.52%][0.544767   0.00362748 0.05329377 0.00056841 0.09176277 0.0011761
 0.30480447]
INFO:root:[0.52%][0.46565142 0.0039562  0.08613154 0.00068436 0.11268268 0.00156479
 0.32932898]
INFO:root:[0.52%][5.0449902e-01 3.4211280e-03 7.2408423e-02 4.7232729e-04 1.1273444e-01
 1.3848282e-03 3.0507994e-01]
INFO:root:[0.52%][5.10091543e-01 2.77892407e-03 6.19928837e-02 4.09801054e-04
 1.00425854e-01 1.09285698e-03 3.23208272e-01]
INFO:root:[0.52%][0.43879402 0.00417829 0.05938452 0.00055938 0.12160955 0.00047004
 0.3750041 ]
INFO:root:[0.52%][4.9846756e-01 4.1017137e-03 8.3931431e-02 4.6028377e-04 9.1000557e-02
 1.0621765e-03 3.2097620e-01]
INFO:root:[0.52%][0.55599403 0.00361608 0.11950042 0.00082469 0.07067198 0.00223135
 0.24716142]
INFO:root:[0.52%][0.46222046 0.00575711 0.11537399 0.00072372 0.09831502 0.00208687
 0.3155228 ]
INFO:root:[0.52%][0.45825997 0.00534403 0.12440921 0.0005105  0.12479535 0.0012103
 0.28547072]
INFO:root:[0.52%][0.40456676 0.00642699 0.11453819 0.0011206  0.16525231 0.00226105
 0.3058341 ]
INFO:root:[0.52%][0.37103364 0.00414418 0.15719743 0.00105186 0.12359063 0.00302829
 0.339954  ]
INFO:root:[0.52%][0.31033963 0.00441347 0.15014668 0.00171828 0.16124429 0.00209786
 0.37003976]
INFO:root:[0.52%][0.34761503 0.00362885 0.09536847 0.0021985  0.14674544 0.00309432
 0.40134946]
INFO:root:[0.52%][0.39902574 0.00529812 0.14744444 0.00248675 0.13894379 0.00346785
 0.30333328]
INFO:root:[0.52%][0.40230343 0.00758687 0.08020287 0.00230804 0.09723287 0.00440195
 0.40596396]
INFO:root:[0.52%][0.46985158 0.00755338 0.06584354 0.0023851  0.09232523 0.00279165
 0.3592496 ]
INFO:root:[0.53%][0.40038165 0.00257058 0.13839939 0.00180746 0.12019908 0.00281332
 0.3338286 ]
INFO:root:[0.53%][0.484728   0.01251105 0.10184268 0.00438948 0.11719996 0.00254104
 0.2767878 ]
INFO:root:[0.53%][2.9661366e-01 1.8550930e-04 1.1948989e-01 9.0962593e-03 2.1869613e-01
 1.7990436e-02 3.3792812e-01]
INFO:root:[0.53%][0.4688148  0.00227578 0.04037    0.02795582 0.11782434 0.00399723
 0.3387621 ]
INFO:root:[0.53%][0.258579   0.00081971 0.11660767 0.01845221 0.23502572 0.01023154
 0.36028415]
INFO:root:[0.53%][0.30330175 0.00036299 0.12567256 0.02078213 0.2353337  0.00988014
 0.30466673]
INFO:root:[0.53%][1.6768159e-01 3.1203530e-05 1.9355102e-01 9.0336107e-02 2.6244175e-01
 1.0662924e-02 2.7529538e-01]
INFO:root:[0.53%][9.5262289e-02 1.1859049e-05 2.6244688e-01 7.2073169e-02 2.4012868e-01
 1.2745248e-02 3.1733194e-01]
INFO:root:[0.53%][1.7974906e-01 1.0386679e-04 1.3250571e-01 1.3285501e-02 2.8017566e-01
 7.8468071e-03 3.8633344e-01]
INFO:root:[0.53%][1.76983029e-01 2.18215573e-04 1.05323315e-01 4.08174433e-02
 2.40718216e-01 7.07270391e-03 4.28867072e-01]
INFO:root:[0.53%][2.8519511e-01 1.9864843e-04 8.6050108e-02 2.0438788e-02 2.7300072e-01
 4.1541802e-03 3.3096239e-01]
INFO:root:[0.53%][1.4390318e-01 2.2094692e-04 1.6947712e-01 1.4187591e-01 2.5523892e-01
 1.3329356e-02 2.7595451e-01]
INFO:root:[0.53%][1.8067136e-01 3.2652085e-04 1.3742310e-01 6.4861000e-02 2.5209048e-01
 8.0410261e-03 3.5658646e-01]
INFO:root:[0.53%][8.6512044e-02 1.9497020e-05 1.2089790e-01 2.6006216e-01 1.5965614e-01
 4.1082567e-03 3.6874396e-01]
INFO:root:[0.53%][1.63891673e-01 1.30536297e-04 1.40799388e-01 1.06920235e-01
 2.47298911e-01 1.05109531e-02 3.30448240e-01]
INFO:root:[0.53%][6.7174256e-02 1.6037922e-05 8.5660212e-02 5.1337266e-01 1.0480647e-01
 3.7007483e-03 2.2526957e-01]
INFO:root:[0.54%][5.5300076e-02 7.8009398e-05 1.0277935e-01 5.1802385e-01 1.0851451e-01
 5.2496507e-03 2.1005455e-01]
INFO:root:[0.54%][]
INFO:root:[0.54%][]
INFO:root:[0.54%][]
INFO:root:[0.54%][]
INFO:root:[0.54%][]
INFO:root:[0.54%][]
INFO:root:[0.54%][]
INFO:root:[0.54%][]
INFO:root:[0.54%][]
INFO:root:[0.54%][]
INFO:root:[0.54%][]
INFO:root:[0.54%][]
INFO:root:[0.54%][]
INFO:root:[0.54%][]
INFO:root:[0.54%][]
INFO:root:[0.54%][]
INFO:root:[0.54%][]
INFO:root:[0.54%][]
INFO:root:[0.54%][]
INFO:root:[0.56%][]
INFO:root:[0.56%][]
INFO:root:[0.56%][]
INFO:root:[0.56%][]
INFO:root:[0.56%][]
INFO:root:[0.56%][]
INFO:root:[0.56%][]
INFO:root:[0.56%][]
INFO:root:[0.56%][]
INFO:root:[0.56%][]
INFO:root:[0.56%][]
INFO:root:[0.56%][]
INFO:root:[0.56%][]
INFO:root:[0.56%][]
INFO:root:[0.56%][]
INFO:root:[0.56%][]
INFO:root:[0.56%][]
INFO:root:[0.56%][]
INFO:root:[0.56%][]
INFO:root:[0.57%][]
INFO:root:[0.57%][]
INFO:root:[0.57%][]
INFO:root:[0.57%][]
INFO:root:[0.57%][]
INFO:root:[0.57%][]
INFO:root:[0.57%][]
INFO:root:[0.57%][]
INFO:root:[0.57%][]
INFO:root:[0.57%][]
INFO:root:[0.57%][]
INFO:root:[0.57%][]
INFO:root:[0.57%][]
INFO:root:[0.57%][]
INFO:root:[0.57%][]
INFO:root:[0.57%][]
INFO:root:[0.57%][]
INFO:root:[0.57%][]
INFO:root:[0.57%][]
INFO:root:[0.57%][]
INFO:root:[0.59%][]
INFO:root:[0.59%][]
INFO:root:[0.59%][]
INFO:root:[0.59%][]
INFO:root:[0.59%][]
INFO:root:[0.59%][]
INFO:root:[0.59%][0.2149887  0.00065919 0.10359021 0.06101968 0.36507618 0.00349365
 0.25117245]
INFO:root:[0.59%][0.5014639  0.00789504 0.06993306 0.00666405 0.10216734 0.00242233
 0.30945432]
INFO:root:[0.59%][0.3669061  0.00525343 0.02357083 0.00324265 0.09574036 0.00229663
 0.50299007]
INFO:root:[0.59%][0.3288722  0.00869494 0.02686243 0.00358494 0.14484231 0.00190713
 0.48523608]
INFO:root:[0.59%][0.39982274 0.00712444 0.04037177 0.00087451 0.19662918 0.00565178
 0.34952557]
INFO:root:[0.59%][0.31126475 0.01440021 0.0234809  0.00121498 0.1401878  0.00360384
 0.5058476 ]
INFO:root:[0.59%][0.38589376 0.00817382 0.03378121 0.00062215 0.17987168 0.0062442
 0.38541314]
INFO:root:[0.59%][0.31834832 0.01230673 0.03132886 0.00076563 0.15820727 0.00215564
 0.47688764]
INFO:root:[0.59%][5.0713706e-01 1.3025729e-02 7.4158430e-02 3.9806511e-04 1.5101930e-01
 2.5953357e-03 2.5166616e-01]
INFO:root:[0.59%][0.29612255 0.01394986 0.03543435 0.00115609 0.10706083 0.00467322
 0.541603  ]
INFO:root:[0.59%][0.35172868 0.01392006 0.02676176 0.00054518 0.09603258 0.00260075
 0.5084109 ]
INFO:root:[0.6%][3.1688973e-01 1.1895581e-02 3.3850640e-02 4.6224464e-04 1.3549007e-01
 2.2626913e-03 4.9914905e-01]
INFO:root:[0.6%][0.36695415 0.02006237 0.02348286 0.00114606 0.09120803 0.00251358
 0.49463302]
INFO:root:[0.6%][0.43962198 0.0110967  0.04001023 0.00105002 0.13838348 0.00258517
 0.36725235]
INFO:root:[0.6%][0.3804392  0.01384169 0.03362623 0.00100263 0.13499054 0.00354066
 0.43255904]
INFO:root:[0.6%][0.24570668 0.03020258 0.03091448 0.00108613 0.13742483 0.00438337
 0.55028194]
INFO:root:[0.6%][0.36537433 0.00897534 0.03542728 0.00052419 0.12772916 0.00244238
 0.45952728]
INFO:root:[0.6%][0.42015448 0.00854159 0.02761218 0.00067524 0.1408445  0.00296223
 0.39920974]
INFO:root:[0.6%][0.46074808 0.0139367  0.03090567 0.00082437 0.08182968 0.00447538
 0.40728006]
INFO:root:[0.6%][0.43266538 0.01090345 0.05659571 0.00067348 0.13910827 0.00867663
 0.35137713]
INFO:root:[0.6%][0.52564377 0.00533838 0.04242807 0.00065396 0.14119102 0.00582091
 0.27892387]
INFO:root:[0.6%][0.29558972 0.01015132 0.01986366 0.00114878 0.10956114 0.0048834
 0.5588019 ]
INFO:root:[0.6%][0.2537083  0.00647521 0.02400267 0.00065997 0.15342534 0.00420914
 0.5575194 ]
INFO:root:[0.6%][0.30235937 0.0061786  0.03749019 0.0007647  0.16402481 0.00748812
 0.4816943 ]
INFO:root:[0.6%][0.322916   0.00951315 0.04400442 0.00090112 0.16491123 0.01791776
 0.43983635]
INFO:root:[0.61%][1.7092785e-01 5.5455221e-03 2.2377938e-02 5.3697394e-04 1.1123457e-01
 5.0351927e-03 6.8434191e-01]
INFO:root:[0.61%][0.29425198 0.0175117  0.04232424 0.00106559 0.13207099 0.02252391
 0.49025154]
INFO:root:[0.61%][0.42468977 0.0058645  0.03946372 0.00111337 0.1121136  0.0057806
 0.41097447]
INFO:root:[0.61%][0.3522671  0.00300728 0.03502171 0.00233756 0.07524622 0.00452238
 0.52759784]
INFO:root:[0.61%][0.21740507 0.00237195 0.03372285 0.00319709 0.09447256 0.00415934
 0.64467114]
INFO:root:[0.61%][0.21647063 0.00301199 0.04389758 0.00173166 0.16170715 0.00572058
 0.56746036]
INFO:root:[0.61%][0.19002049 0.00331852 0.04615495 0.00244624 0.11907733 0.00818707
 0.6307954 ]
INFO:root:[0.61%][0.18478613 0.0020635  0.02582123 0.00244574 0.09512051 0.00426303
 0.6854999 ]
INFO:root:[0.61%][0.22376378 0.00392725 0.0395645  0.00433318 0.11883607 0.00851741
 0.6010578 ]
INFO:root:[0.61%][0.26514214 0.00912711 0.08616694 0.00238289 0.14899664 0.00656545
 0.48161873]
INFO:root:[0.61%][0.26214558 0.0031621  0.05851595 0.00188356 0.11637829 0.00418742
 0.5537271 ]
INFO:root:[0.61%][0.2764694  0.01085175 0.04656272 0.00568503 0.11598064 0.00637985
 0.53807056]
INFO:root:[0.61%][0.31397453 0.00430854 0.03276944 0.00213573 0.12714364 0.00539777
 0.5142703 ]
INFO:root:[0.61%][2.3100781e-01 6.8096551e-03 4.2838678e-02 5.3017162e-04 1.5573411e-01
 2.2082871e-03 5.6087130e-01]
INFO:root:[0.61%][0.29870632 0.00290859 0.06342241 0.00065548 0.14311488 0.00632601
 0.48486632]
INFO:root:[0.63%][0.3198818  0.00660802 0.08182672 0.0007841  0.16142628 0.00902618
 0.42044696]
INFO:root:[0.63%][0.3162384  0.0097193  0.05178372 0.00103471 0.14192404 0.00586325
 0.4734366 ]
INFO:root:[0.63%][0.25196165 0.00677186 0.05554205 0.00107437 0.13741249 0.00836692
 0.53887063]
INFO:root:[0.63%][0.28210038 0.00976341 0.05115849 0.00088231 0.128067   0.00581297
 0.5222155 ]
INFO:root:[0.63%][0.24690072 0.00680051 0.04581896 0.00108219 0.11921839 0.00579013
 0.574389  ]
INFO:root:[0.63%][0.36388025 0.0021112  0.03294324 0.00089038 0.10958402 0.00396485
 0.48662606]
INFO:root:[0.63%][3.2161856e-01 1.2441898e-02 4.0481243e-02 4.5635237e-04 1.2042297e-01
 2.5867762e-03 5.0199223e-01]
INFO:root:[0.63%][0.4505885  0.00883518 0.03098987 0.00089508 0.12315631 0.00294592
 0.38258904]
INFO:root:[0.63%][0.27798885 0.00283717 0.03597042 0.00169942 0.10850879 0.00261865
 0.5703767 ]
INFO:root:[0.63%][0.34572443 0.00787236 0.03599997 0.00065323 0.09792964 0.00449666
 0.50732374]
INFO:root:[0.63%][0.3085225  0.00248484 0.03429167 0.00304682 0.08938253 0.00267353
 0.5595981 ]
INFO:root:[0.63%][0.40688318 0.00158102 0.01886231 0.00392093 0.08695507 0.00107911
 0.48071834]
INFO:root:[0.63%][0.29169148 0.00131572 0.01419921 0.00106795 0.06284954 0.00189141
 0.62698466]
INFO:root:[0.63%][0.39290047 0.00111387 0.01489287 0.00073881 0.05680761 0.00083943
 0.532707  ]
INFO:root:[0.63%][0.37098062 0.00170632 0.0156366  0.00097853 0.05649582 0.00108363
 0.55311847]
INFO:root:[0.64%][0.19284436 0.00164927 0.01210056 0.00104096 0.05644296 0.00105387
 0.734868  ]
INFO:root:[0.64%][0.6026597  0.00271027 0.02424    0.00101044 0.06423119 0.00170065
 0.3034477 ]
INFO:root:[0.64%][0.36791155 0.00333153 0.02796688 0.00086812 0.07591445 0.00081229
 0.5231951 ]
INFO:root:[0.64%][4.7307140e-01 8.1957104e-03 1.5931455e-02 7.4762013e-04 5.3343732e-02
 4.3430162e-04 4.4827574e-01]
INFO:root:[0.64%][6.4458764e-01 2.2797510e-03 3.5293404e-02 2.5330202e-04 7.5955167e-02
 4.4088755e-04 2.4118996e-01]
INFO:root:[0.64%][6.7042738e-01 3.6144499e-03 2.1656273e-02 2.4808143e-04 4.7243763e-02
 2.9275214e-04 2.5651741e-01]
INFO:root:[0.64%][7.3080552e-01 3.9363061e-03 2.4377421e-02 3.0876731e-04 5.1490024e-02
 2.4027770e-04 1.8884178e-01]
INFO:root:[0.64%][8.1148422e-01 7.3684165e-03 3.0356390e-02 1.6694776e-04 4.0035225e-02
 2.4762456e-04 1.1034109e-01]
INFO:root:[0.64%][7.4138415e-01 3.9602504e-03 3.7954975e-02 1.0207787e-04 4.6114799e-02
 2.5249150e-04 1.7023128e-01]
INFO:root:[0.64%][6.4362383e-01 2.8579324e-03 3.0961573e-02 2.5690760e-04 4.5949392e-02
 4.0845390e-04 2.7594185e-01]
INFO:root:[0.64%][7.2274888e-01 8.3115883e-03 6.1420336e-02 3.0485762e-04 4.4295345e-02
 5.2777550e-04 1.6239123e-01]
INFO:root:[0.64%][6.6385424e-01 3.8286550e-03 5.0277501e-02 2.8069562e-04 4.6479426e-02
 9.3110430e-04 2.3434837e-01]
INFO:root:[0.64%][7.9364628e-01 7.2127124e-03 4.8520025e-02 4.6666266e-04 3.5208881e-02
 8.1170991e-04 1.1413375e-01]
INFO:root:[0.64%][8.0796915e-01 6.7776828e-03 2.7588628e-02 2.3599023e-04 3.0833162e-02
 6.2891969e-04 1.2596653e-01]
INFO:root:[0.64%][8.29111099e-01 6.15568599e-03 2.88857967e-02 2.91542732e-04
 3.23876627e-02 4.79068229e-04 1.02689065e-01]
INFO:root:[0.66%][6.3954604e-01 2.6782833e-03 2.5957884e-02 3.1720888e-04 3.4083024e-02
 4.7830923e-04 2.9693919e-01]
INFO:root:[0.66%][7.8861767e-01 4.8633167e-03 5.2264351e-02 3.1368725e-04 4.0372819e-02
 1.2842119e-03 1.1228394e-01]
INFO:root:[0.66%][7.9882222e-01 7.8169759e-03 4.0597070e-02 3.3901134e-04 4.1736893e-02
 8.4275374e-04 1.0984502e-01]
INFO:root:[0.66%][6.3537902e-01 1.7151110e-02 2.3932267e-02 5.7803188e-04 4.2913582e-02
 6.7961583e-04 2.7936634e-01]
INFO:root:[0.66%][6.2623137e-01 4.8249243e-03 4.1695509e-02 6.0389540e-04 4.3970313e-02
 9.0989383e-04 2.8176415e-01]
INFO:root:[0.66%][0.5941013  0.00810097 0.04028486 0.00080273 0.06251983 0.00089362
 0.2932967 ]
INFO:root:[0.66%][0.49224958 0.00594815 0.03294516 0.00109158 0.05688791 0.00096536
 0.40991226]
INFO:root:[0.66%][0.36848146 0.009189   0.01936484 0.00198129 0.06289735 0.00237116
 0.5357149 ]
INFO:root:[0.66%][0.30449536 0.00747543 0.02204265 0.00157306 0.06668282 0.00287599
 0.59485465]
INFO:root:[0.66%][0.26047853 0.00367373 0.01887398 0.00329563 0.07046869 0.00226326
 0.6409462 ]
INFO:root:[0.66%][0.21992218 0.00166059 0.02346464 0.00410545 0.08140004 0.00669521
 0.66275185]
INFO:root:[0.66%][0.26074502 0.00538442 0.02039598 0.00580871 0.07388309 0.00609851
 0.6276843 ]
INFO:root:[0.66%][0.43469647 0.0027621  0.02584737 0.00268798 0.07415633 0.00839338
 0.4514564 ]
INFO:root:[0.67%][0.397842   0.00359169 0.0229536  0.00432603 0.07074657 0.00498285
 0.4955572 ]
INFO:root:[0.67%][0.24985388 0.00205213 0.01784667 0.00492574 0.05850399 0.00337255
 0.663445  ]
INFO:root:[0.67%][0.43614227 0.002814   0.02437897 0.00367354 0.08658552 0.00662635
 0.43977943]
INFO:root:[0.67%][0.33425406 0.0095446  0.01602536 0.00432699 0.07777724 0.00355961
 0.55451214]
INFO:root:[0.67%][0.24384744 0.00293068 0.02176586 0.00907107 0.12238857 0.00546572
 0.5945306 ]
INFO:root:[0.67%][0.2735693  0.01618741 0.02056124 0.00399948 0.06839073 0.00539032
 0.6119015 ]
INFO:root:[0.67%][0.25900108 0.02931307 0.01987632 0.00318569 0.05142196 0.00720737
 0.6299945 ]
INFO:root:[0.67%][0.33834273 0.02286378 0.03519505 0.00264517 0.08280998 0.00719769
 0.5109456 ]
INFO:root:[0.67%][0.3197335  0.00592383 0.02173818 0.00264849 0.06189249 0.00339618
 0.5846673 ]
INFO:root:[0.67%][0.24095215 0.00196823 0.02134368 0.0050451  0.08877581 0.00304396
 0.638871  ]
INFO:root:[0.67%][0.29253477 0.00518642 0.02855119 0.00481881 0.12007513 0.00605829
 0.54277533]
INFO:root:[0.67%][0.21765514 0.00546442 0.04094948 0.00378529 0.17609811 0.01856823
 0.53747934]
INFO:root:[0.67%][0.42978558 0.0039603  0.01887324 0.00573227 0.1147135  0.00351511
 0.42342007]
INFO:root:[0.67%][0.1962772  0.00298825 0.01862334 0.00848643 0.09389849 0.00354798
 0.67617834]
INFO:root:[0.67%][0.34479776 0.00518505 0.01802276 0.00794908 0.08972395 0.00280999
 0.5315114 ]
INFO:root:[0.67%][0.2445508  0.00249477 0.02404136 0.0090909  0.08347457 0.00846032
 0.6278873 ]
INFO:root:[0.72%][0.5482089  0.00367535 0.01570684 0.00116763 0.02549139 0.00214388
 0.403606  ]
INFO:root:[0.72%][0.54233354 0.00484737 0.02940171 0.00459234 0.03513686 0.01006963
 0.37361866]
INFO:root:[0.72%][0.49757317 0.00522509 0.03670932 0.0031178  0.03409246 0.01370977
 0.4095724 ]
INFO:root:[0.72%][0.41134083 0.00471772 0.02666162 0.00642927 0.03218207 0.0095626
 0.5091058 ]
INFO:root:[0.72%][0.423757   0.00393055 0.0323284  0.00836476 0.03501837 0.02684459
 0.46975645]
INFO:root:[0.72%][0.39140773 0.00228264 0.02233285 0.00856448 0.03205527 0.01227554
 0.53108156]
INFO:root:[0.72%][0.5767152  0.00238938 0.03002658 0.01249879 0.05122419 0.01194127
 0.31520468]
INFO:root:[0.72%][0.26883116 0.00810973 0.02084012 0.02226902 0.04921747 0.01310132
 0.6176312 ]
INFO:root:[0.72%][0.3635512  0.00772242 0.04073315 0.00364515 0.06605527 0.01733371
 0.5009591 ]
INFO:root:[0.72%][0.3862015  0.00112018 0.03514289 0.00232909 0.05025582 0.02153782
 0.5034127 ]
INFO:root:[0.74%][0.44966942 0.00155745 0.04227111 0.00265972 0.05038934 0.01650411
 0.43694884]
INFO:root:[0.74%][0.41022646 0.02320878 0.05415946 0.00185249 0.08861724 0.01854437
 0.40339118]
INFO:root:[0.74%][0.3951204  0.00956629 0.07525606 0.00571291 0.06561916 0.01733346
 0.43139178]
INFO:root:[0.74%][0.34739587 0.00978898 0.06072519 0.00472983 0.09449956 0.00915897
 0.47370163]
INFO:root:[0.74%][0.36497748 0.00572428 0.04186043 0.02254726 0.05814527 0.00649321
 0.50025207]
INFO:root:[0.74%][0.37467727 0.00678757 0.04536253 0.05544467 0.06148532 0.00427404
 0.4519686 ]
INFO:root:[0.74%][0.36917624 0.00372034 0.02122058 0.05115756 0.04463766 0.00469396
 0.5053937 ]
INFO:root:[0.74%][0.62603325 0.00606516 0.01531698 0.00961837 0.05377349 0.00450277
 0.28468996]
INFO:root:[0.74%][0.72052664 0.00252043 0.0338304  0.00376601 0.06019039 0.00512012
 0.174046  ]
INFO:root:[0.74%][0.54971725 0.00187594 0.02913524 0.00442007 0.03764694 0.00444796
 0.37275654]
INFO:root:[0.74%][0.45033404 0.00099402 0.06213312 0.00215768 0.08906034 0.00696391
 0.38835698]
INFO:root:[0.74%][0.38365975 0.0013223  0.02782018 0.00164412 0.02841124 0.00226561
 0.55487674]
INFO:root:[0.74%][0.41053557 0.00126897 0.05985843 0.00155294 0.07129442 0.0052225
 0.45026723]
INFO:root:[0.74%][0.4474015  0.00330348 0.03020602 0.00226121 0.04668794 0.00844754
 0.46169224]
INFO:root:[0.75%][0.4387441  0.00410626 0.0262096  0.00141732 0.05565327 0.00771471
 0.46615472]
INFO:root:[0.75%][0.5181303  0.00565527 0.0440411  0.0008809  0.05919281 0.01995667
 0.35214296]
INFO:root:[0.75%][0.4371974  0.00335075 0.03186364 0.00079871 0.06094116 0.00395897
 0.4618893 ]
INFO:root:[0.75%][0.40929258 0.00217    0.08596841 0.00047421 0.06485956 0.00539109
 0.43184412]
INFO:root:[0.75%][0.3614464  0.00383201 0.02477232 0.00090727 0.03550192 0.00570339
 0.56783664]
INFO:root:[0.75%][0.18170698 0.00171165 0.02421524 0.00265294 0.03604116 0.0091673
 0.74450475]
INFO:root:[0.75%][0.42002848 0.0012593  0.02266737 0.00201614 0.03489712 0.00505898
 0.51407266]
INFO:root:[0.75%][0.29663602 0.00079686 0.0336902  0.0020852  0.04066211 0.00185749
 0.6242721 ]
INFO:root:[0.75%][0.679552   0.00280359 0.02030061 0.00332072 0.03119919 0.00211334
 0.2607106 ]
INFO:root:[0.75%][7.1632570e-01 5.3827197e-04 1.9615114e-02 1.3200807e-03 2.8046167e-02
 1.5443782e-03 2.3261026e-01]
INFO:root:[0.75%][7.9516858e-01 2.3570021e-03 1.6034933e-02 8.4599608e-04 5.6534421e-02
 3.3130031e-04 1.2872781e-01]
INFO:root:[0.75%][6.2504017e-01 4.5108139e-03 1.5123622e-02 7.6288702e-03 3.3113904e-02
 4.7100076e-04 3.1411162e-01]
INFO:root:[0.75%][7.5482917e-01 1.3057815e-03 1.1937803e-02 5.5196732e-03 1.8497111e-02
 2.2732363e-04 2.0768322e-01]
INFO:root:[0.75%][6.0757154e-01 5.0809857e-04 2.4286607e-02 5.7707978e-03 3.6119215e-02
 5.3948542e-04 3.2520425e-01]
INFO:root:[0.76%][7.8094441e-01 4.6520936e-04 2.2560570e-02 3.8978369e-03 2.7672034e-02
 2.9954675e-04 1.6416040e-01]
INFO:root:[0.76%][3.4433067e-01 4.4263326e-04 4.0257458e-02 1.7792681e-02 3.6672413e-02
 1.0456012e-03 5.5945849e-01]
INFO:root:[0.76%][0.45626774 0.00134514 0.03010073 0.01713361 0.026607   0.00138293
 0.46716276]
INFO:root:[0.76%][0.44520736 0.00081272 0.03320528 0.00950026 0.03289381 0.00184562
 0.4765349 ]
INFO:root:[0.76%][0.43966374 0.00128175 0.02582394 0.00468109 0.05115133 0.00086867
 0.4765295 ]
INFO:root:[0.76%][0.30353233 0.0015989  0.01828076 0.00413953 0.06974    0.00229046
 0.60041803]
INFO:root:[0.76%][0.46041214 0.00106971 0.03134379 0.01544752 0.03873203 0.00214984
 0.45084497]
INFO:root:[0.76%][0.36951232 0.00185438 0.02724564 0.01169347 0.04012008 0.00313278
 0.54644126]
INFO:root:[0.76%][0.48488805 0.00168785 0.03127905 0.00691287 0.03996378 0.00117181
 0.43409666]
INFO:root:[0.76%][5.0454128e-01 4.8280699e-04 1.2680712e-02 1.6314072e-03 3.4461223e-02
 3.4629204e-04 4.4585630e-01]
INFO:root:[0.76%][6.3176042e-01 7.1034144e-04 1.7304400e-02 1.7186044e-03 2.2449393e-02
 5.7740108e-04 3.2547957e-01]
INFO:root:[0.76%][0.3286565  0.00121289 0.01299262 0.00269038 0.01952665 0.00101811
 0.63390285]
INFO:root:[0.76%][0.561175   0.0011031  0.0172179  0.00152321 0.0217883  0.00083087
 0.39636162]
INFO:root:[0.78%][0.45706958 0.00152046 0.01794557 0.00084935 0.01636107 0.00078067
 0.5054733 ]
INFO:root:[0.78%][0.30401558 0.00675193 0.05195197 0.00196774 0.04987382 0.00887321
 0.5765658 ]
INFO:root:[0.78%][0.5158332  0.00958166 0.07126857 0.00089182 0.05845417 0.00521244
 0.33875823]
INFO:root:[0.78%][0.4043442  0.01300592 0.06004336 0.00075515 0.07633113 0.00642123
 0.43909895]
INFO:root:[0.78%][0.37947887 0.01863189 0.10632208 0.00127701 0.10780464 0.01647495
 0.37001055]
INFO:root:[0.78%][0.4020219  0.00774755 0.09928682 0.00273141 0.17575751 0.01858851
 0.29386628]
INFO:root:[0.78%][0.30807713 0.00653719 0.12120309 0.00272366 0.10346917 0.01877118
 0.43921852]
INFO:root:[0.78%][0.4268884  0.00300012 0.06757475 0.00074625 0.05130723 0.01058593
 0.43989727]
INFO:root:[0.78%][0.41049325 0.00128787 0.04681078 0.00089031 0.04763157 0.0056847
 0.48720148]
INFO:root:[0.78%][0.2976708  0.00188303 0.05096083 0.00066285 0.03834466 0.00360738
 0.6068704 ]
INFO:root:[0.78%][0.2601203  0.00211022 0.03157974 0.00109053 0.05307041 0.00194665
 0.6500822 ]
INFO:root:[0.78%][0.44100708 0.00149975 0.02185857 0.00148327 0.04057646 0.00237325
 0.49120164]
INFO:root:[0.78%][0.26467502 0.00117307 0.04290201 0.00085936 0.05675811 0.00439146
 0.629241  ]
INFO:root:[0.78%][0.5233998  0.00135526 0.03890525 0.00278388 0.06894755 0.00608722
 0.35852107]
INFO:root:[0.79%][0.44720113 0.0007726  0.04120543 0.00091489 0.07198033 0.00146951
 0.43645614]
INFO:root:[0.79%][0.49774507 0.00247235 0.0331798  0.00099088 0.04135667 0.00780733
 0.41644794]
INFO:root:[0.79%][7.4514329e-01 1.1641748e-03 2.9546740e-02 1.8651254e-04 4.3141626e-02
 5.9849705e-04 1.8021908e-01]
INFO:root:[0.79%][0.37479734 0.00111624 0.05559199 0.00072692 0.07024898 0.00368695
 0.49383155]
INFO:root:[0.79%][0.43695843 0.00195601 0.05431207 0.0008265  0.08551591 0.00167181
 0.41875932]
INFO:root:[0.79%][2.6624319e-01 4.3736093e-04 3.6235251e-02 3.5808897e-03 6.2526003e-02
 8.1273913e-03 6.2284988e-01]
INFO:root:[0.79%][0.3685868  0.00193883 0.03319379 0.00157399 0.09235708 0.00344185
 0.49890763]
INFO:root:[0.79%][0.298104   0.00133282 0.03470198 0.00095248 0.08890485 0.0036787
 0.5723252 ]
INFO:root:[0.79%][0.3094818  0.00085469 0.03936949 0.00095484 0.06337109 0.00734118
 0.57862693]
INFO:root:[0.79%][0.31356514 0.0012959  0.03154185 0.00131847 0.06730402 0.00233514
 0.58263946]
INFO:root:[0.79%][0.36461008 0.00141583 0.03122697 0.00090455 0.0784987  0.00558495
 0.51775885]
INFO:root:[0.79%][0.36640185 0.00159332 0.02454793 0.00227927 0.08555808 0.00238796
 0.5172315 ]
INFO:root:[0.79%][0.33920074 0.00308378 0.02808064 0.00475378 0.08919308 0.00596112
 0.5297269 ]
INFO:root:[0.79%][0.2820212  0.0069614  0.03525241 0.01569563 0.10041106 0.00317466
 0.5564836 ]
INFO:root:[0.79%][0.26527467 0.001131   0.12291942 0.01413582 0.15562758 0.01996319
 0.42094833]
INFO:root:[0.8%][0.13217214 0.0005271  0.2762397  0.02254454 0.3853944  0.0138644
 0.16925775]
INFO:root:[0.8%][0.32630974 0.00060697 0.16235104 0.03130296 0.19387153 0.03742016
 0.24813756]
INFO:root:[0.8%][0.15631911 0.0040429  0.26734203 0.0452619  0.2077684  0.07012907
 0.24913652]
INFO:root:[0.8%][0.2920155  0.01317352 0.17233254 0.07482475 0.27312195 0.03207039
 0.14246133]
INFO:root:[0.8%][]
INFO:root:[0.8%][]
INFO:root:[0.8%][]
INFO:root:[0.8%][]
INFO:root:[0.8%][]
INFO:root:[0.8%][0.30610672 0.04677604 0.11872889 0.32146898 0.06354938 0.00486752
 0.13850237]
INFO:root:[0.8%][0.39657146 0.16941796 0.08385579 0.17450066 0.0388952  0.00554316
 0.1312157 ]
INFO:root:[0.8%][]
INFO:root:[0.8%][]
INFO:root:[0.8%][]
INFO:root:[0.8%][]
INFO:root:[0.82%][]
INFO:root:[0.82%][0.4056366  0.20465255 0.06526586 0.14994442 0.03430305 0.01497555
 0.12522198]
INFO:root:[0.82%][]
INFO:root:[0.82%][0.48912242 0.0931833  0.0834216  0.20284934 0.06468581 0.00864006
 0.05809741]
INFO:root:[0.82%][]
INFO:root:[0.82%][]
INFO:root:[0.82%][]
INFO:root:[0.82%][]
INFO:root:[0.82%][]
INFO:root:[0.82%][4.3433431e-01 2.4548979e-04 1.8920808e-01 1.3693383e-01 1.5070504e-01
 1.2242032e-02 7.6331146e-02]
INFO:root:[0.82%][4.1973907e-01 1.6108343e-04 4.1232079e-02 7.9201665e-03 1.4083077e-01
 1.4163281e-03 3.8870046e-01]
INFO:root:[0.82%][0.19419876 0.00129342 0.02782007 0.00328457 0.14099976 0.00122278
 0.63118064]
INFO:root:[0.82%][9.46668237e-02 2.76634557e-04 1.44883161e-02 4.63122182e-04
 1.09664775e-01 6.05288951e-04 7.79835105e-01]
INFO:root:[0.82%][0.23014589 0.0013132  0.14561279 0.00495862 0.1541295  0.01520437
 0.4486357 ]
INFO:root:[0.82%][0.20371385 0.03313246 0.4866374  0.04790559 0.09481643 0.02074682
 0.11304744]
INFO:root:[0.83%][0.10614634 0.00417914 0.46650475 0.02572079 0.22934505 0.02147947
 0.14662445]
INFO:root:[0.83%][0.03341883 0.00471777 0.41716784 0.03628005 0.13751909 0.07273261
 0.29816377]
INFO:root:[0.83%][0.03394337 0.06090409 0.42430958 0.03952325 0.3444447  0.00700092
 0.08987422]
INFO:root:[0.83%][0.09709183 0.10107785 0.20426235 0.19400097 0.14076644 0.03763065
 0.22516991]
INFO:root:[0.83%][0.18735576 0.06101295 0.24662842 0.06042746 0.23614942 0.01321088
 0.19521517]
INFO:root:[0.83%][0.1485541  0.02056069 0.527632   0.00236458 0.17564298 0.02225254
 0.10299312]
INFO:root:[0.83%][0.4479079  0.00267366 0.12981914 0.01378766 0.1288896  0.0317356
 0.2451864 ]
INFO:root:[0.83%][0.27694136 0.00084534 0.03585017 0.00075866 0.08000696 0.01081226
 0.5947853 ]
INFO:root:[0.83%][0.3015407  0.00094479 0.02745905 0.00141317 0.07956639 0.00600836
 0.58306754]
INFO:root:[0.83%][2.5098109e-01 2.0487937e-03 2.6953517e-02 6.2567025e-04 8.1499651e-02
 2.0731618e-03 6.3581812e-01]
INFO:root:[0.83%][0.25458223 0.00311696 0.02733879 0.00165112 0.07535382 0.00376154
 0.6341956 ]
INFO:root:[0.83%][0.39569387 0.0010274  0.04006605 0.00212726 0.08026003 0.04027257
 0.4405528 ]
INFO:root:[0.83%][0.31895608 0.00145906 0.04439662 0.00406157 0.07525098 0.02678865
 0.52908707]
INFO:root:[0.83%][0.28348425 0.00223156 0.04475827 0.00400746 0.04307423 0.03478515
 0.5876591 ]
INFO:root:[0.83%][0.22741887 0.00131242 0.02468224 0.00448873 0.04579697 0.02734244
 0.66895837]
INFO:root:[0.85%][0.318564   0.00323339 0.02854356 0.00674898 0.0461321  0.02966128
 0.56711674]
INFO:root:[0.85%][0.15748326 0.00214737 0.0203793  0.00711859 0.0374548  0.02064933
 0.75476736]
INFO:root:[0.85%][1.2665170e-01 2.4292125e-04 3.7177987e-02 8.5615264e-03 3.8224142e-02
 2.9125292e-02 7.6001638e-01]
INFO:root:[0.85%][1.9933006e-01 4.8675123e-04 3.5739589e-02 4.0071476e-03 4.0658191e-02
 6.5139825e-03 7.1326423e-01]
INFO:root:[0.85%][0.21697235 0.00092932 0.03132463 0.00213055 0.04380389 0.00307342
 0.7017658 ]
INFO:root:[0.85%][1.3827255e-01 7.6537847e-04 2.4981000e-02 4.1063963e-03 4.2505622e-02
 3.1240620e-03 7.8624499e-01]
INFO:root:[0.85%][1.0544129e-01 1.7906202e-04 1.8260309e-02 7.8792851e-03 2.5858499e-02
 2.9402345e-03 8.3944136e-01]
INFO:root:[0.85%][2.3420279e-01 1.3876015e-04 4.8378747e-02 3.8005416e-03 4.4732958e-02
 4.5410222e-03 6.6420513e-01]
INFO:root:[0.85%][2.4836017e-01 3.2194381e-04 3.4711920e-02 7.3064379e-03 2.9770492e-02
 4.2667408e-03 6.7526227e-01]
INFO:root:[0.85%][2.1304317e-01 1.5069693e-04 3.1556435e-02 5.9672007e-03 3.4463495e-02
 2.5607375e-03 7.1225822e-01]
INFO:root:[0.85%][2.8624892e-01 4.2169756e-04 3.1904787e-02 6.5337191e-03 3.3374142e-02
 6.5402747e-03 6.3497645e-01]
INFO:root:[0.85%][2.1582676e-01 5.2498101e-04 4.0738042e-02 7.2659869e-03 7.4893951e-02
 1.1650090e-03 6.5958524e-01]
INFO:root:[0.85%][2.5974187e-01 6.1172835e-04 3.2104168e-02 1.0567083e-02 5.2971892e-02
 1.9200559e-03 6.4208323e-01]
INFO:root:[0.85%][2.24523634e-01 6.29484828e-04 2.79791001e-02 1.13345655e-02
 5.60767874e-02 1.85520772e-03 6.77601218e-01]
INFO:root:[0.86%][0.28653258 0.00084732 0.02460006 0.01226543 0.05567832 0.00127551
 0.6188008 ]
INFO:root:[0.86%][2.3535453e-01 3.1265503e-04 3.7301015e-02 2.7301433e-03 5.6593683e-02
 1.5594364e-03 6.6614848e-01]
INFO:root:[0.86%][0.20869832 0.00224035 0.03264862 0.01388663 0.05292669 0.00463218
 0.68496716]
INFO:root:[0.86%][0.39474648 0.00071558 0.02605958 0.01269564 0.0494871  0.00174667
 0.514549  ]
INFO:root:[0.86%][0.25738806 0.00096684 0.01958458 0.00556563 0.05878077 0.0015155
 0.6561986 ]
INFO:root:[0.86%][3.5162058e-01 4.4463237e-04 3.2669857e-02 3.9327610e-03 6.4918511e-02
 1.5403791e-03 5.4487324e-01]
INFO:root:[0.86%][3.0640393e-01 2.6998905e-04 3.2365620e-02 3.2905643e-03 2.7707243e-02
 6.8557444e-03 6.2310690e-01]
INFO:root:[0.86%][6.2177038e-01 1.9509954e-04 4.1715991e-02 3.0814463e-03 3.7238684e-02
 4.3591708e-03 2.9163921e-01]
INFO:root:[0.86%][3.4494281e-01 1.2670780e-04 6.5900713e-02 1.9129607e-03 6.8977222e-02
 5.3777760e-03 5.1276183e-01]
INFO:root:[0.86%][1.8569167e-01 1.8146112e-04 3.5833787e-02 4.3288143e-03 4.0079396e-02
 4.7125192e-03 7.2917235e-01]
INFO:root:[0.86%][2.6573178e-01 4.0235030e-04 4.5314014e-02 1.4528687e-03 4.5098856e-02
 6.7524347e-03 6.3524765e-01]
INFO:root:[0.86%][3.5053110e-01 1.2068618e-04 2.5739076e-02 1.1919697e-03 4.0524919e-02
 1.4136912e-03 5.8047855e-01]
INFO:root:[0.86%][1.9236019e-01 1.1219932e-04 3.2160204e-02 4.0275976e-03 2.4369512e-02
 7.2716046e-03 7.3969865e-01]
INFO:root:[0.86%][0.3242194  0.0010954  0.03684572 0.00758464 0.03556137 0.00882327
 0.58587015]
INFO:root:[0.86%][2.3267904e-01 6.0038070e-05 3.4079947e-02 1.8528200e-03 3.6426768e-02
 3.7091493e-03 6.9119221e-01]
INFO:root:[0.87%][0.6266905  0.00076425 0.01402684 0.00361844 0.02647536 0.00146259
 0.32696202]
INFO:root:[0.87%][2.5983840e-01 5.3864572e-04 3.3072475e-02 3.4966243e-03 4.8667818e-02
 1.0165656e-02 6.4422035e-01]
INFO:root:[0.87%][4.9796981e-01 3.3662698e-04 2.2698298e-02 2.2788153e-03 5.3749576e-02
 2.1261303e-03 4.2084077e-01]
INFO:root:[0.87%][3.7414238e-01 3.4020733e-04 4.0215127e-02 2.2613546e-03 4.1776460e-02
 1.7052419e-03 5.3955930e-01]
INFO:root:[0.87%][3.4775952e-01 2.3871406e-04 3.6938388e-02 2.1822040e-03 4.4516865e-02
 2.2530698e-03 5.6611115e-01]
INFO:root:[0.87%][4.3242466e-01 3.6211652e-04 2.5411209e-02 1.3257570e-03 3.9956145e-02
 2.7995263e-03 4.9772060e-01]
INFO:root:[0.87%][2.8136992e-01 3.8665585e-04 1.9248398e-02 1.0846234e-03 2.9626321e-02
 2.1008337e-03 6.6618329e-01]
INFO:root:[0.87%][2.8876194e-01 2.2510976e-04 2.0607384e-02 9.1573870e-04 3.5337735e-02
 1.7846914e-03 6.5236741e-01]
INFO:root:[0.87%][3.2850921e-01 4.6221243e-04 1.9812299e-02 6.8582175e-04 3.2789540e-02
 1.6980388e-03 6.1604291e-01]
INFO:root:[0.87%][3.8627285e-01 8.6112093e-04 2.8042668e-02 2.8954001e-04 3.7974082e-02
 1.3290031e-03 5.4523075e-01]
INFO:root:[0.87%][3.6264694e-01 2.3465897e-03 2.8635640e-02 4.3217107e-04 5.4105353e-02
 1.5836409e-03 5.5024964e-01]
INFO:root:[0.87%][4.7138217e-01 2.7472149e-03 6.8094932e-02 3.9566591e-04 5.6140665e-02
 5.8180233e-03 3.9542130e-01]
INFO:root:[0.87%][2.6846460e-01 2.7044152e-03 3.1219939e-02 5.0375896e-04 5.0714437e-02
 2.8106545e-03 6.4358222e-01]
INFO:root:[0.87%][0.36827978 0.00287728 0.04032367 0.00069466 0.04215585 0.00512272
 0.540546  ]
INFO:root:[0.89%][0.2835231  0.00272096 0.04252239 0.0008982  0.06802105 0.01053088
 0.5917835 ]
INFO:root:[0.89%][0.42394182 0.00612647 0.04741609 0.00219257 0.07542142 0.00860949
 0.43629214]
INFO:root:[0.89%][0.3348123  0.00271521 0.03463597 0.00163286 0.07477664 0.00861625
 0.54281074]
INFO:root:[0.89%][0.31049475 0.00449638 0.04379534 0.00291649 0.09010614 0.00555407
 0.5426369 ]
INFO:root:[0.89%][0.25330132 0.0013093  0.02328805 0.00448429 0.06292998 0.00412847
 0.6505586 ]
INFO:root:[0.89%][2.1437460e-01 5.7051133e-04 2.4861123e-02 2.9335343e-03 6.0918014e-02
 5.2497331e-03 6.9109249e-01]
INFO:root:[0.89%][0.2052297  0.00074019 0.01765066 0.00354858 0.06198535 0.0053762
 0.70546925]
INFO:root:[0.89%][3.2164031e-01 4.0519619e-04 2.0314785e-02 1.4699628e-03 4.6061903e-02
 8.2581742e-03 6.0184962e-01]
INFO:root:[0.89%][2.7028704e-01 3.8982794e-04 4.6239376e-02 2.1596935e-03 1.5059973e-01
 3.7191182e-02 4.9313313e-01]
INFO:root:[0.89%][2.5046149e-01 2.4358915e-04 3.4513682e-02 4.9438803e-03 1.2745976e-01
 2.0182233e-02 5.6219530e-01]
INFO:root:[0.89%][2.1882819e-01 4.0776192e-04 4.2959847e-02 4.8030433e-03 1.3684206e-01
 2.2049410e-02 5.7410967e-01]
INFO:root:[0.89%][2.4513289e-01 3.1023877e-04 2.1987064e-02 4.0373048e-03 1.2638202e-01
 1.7196650e-02 5.8495378e-01]
INFO:root:[0.89%][2.5100550e-01 2.4395675e-04 2.2421334e-02 1.3549385e-03 7.6333947e-02
 1.1311406e-02 6.3732886e-01]
